This is pdfTeX, Version 3.14159265-2.6-1.40.16 (TeX Live 2015/Debian) (preloaded format=pdflatex 2018.1.22)  2 JUL 2018 17:39
entering extended mode
 restricted \write18 enabled.
 %&-line parsing enabled.
**thesis.tex
(./thesis.tex
LaTeX2e <2016/02/01>
Babel <3.9q> and hyphenation patterns for 81 language(s) loaded.
(./mystyle.cls
Document Class: mystyle 
(/usr/share/texlive/texmf-dist/tex/latex/base/bk11.clo
File: bk11.clo 2014/09/29 v1.4h Standard LaTeX file (size option)
)
\c@part=\count79
\c@chapter=\count80
\c@section=\count81
\c@subsection=\count82
\c@subsubsection=\count83
\c@paragraph=\count84
\c@subparagraph=\count85
\c@appendix=\count86
\c@figure=\count87
\c@table=\count88
\abovecaptionskip=\skip41
\belowcaptionskip=\skip42
\bibindent=\dimen102
)
(/usr/share/texlive/texmf-dist/tex/latex/amsmath/amsmath.sty
Package: amsmath 2016/03/03 v2.15a AMS math features
\@mathmargin=\skip43

For additional information on amsmath, use the `?' option.
(/usr/share/texlive/texmf-dist/tex/latex/amsmath/amstext.sty
Package: amstext 2000/06/29 v2.01 AMS text

(/usr/share/texlive/texmf-dist/tex/latex/amsmath/amsgen.sty
File: amsgen.sty 1999/11/30 v2.0 generic functions
\@emptytoks=\toks14
\ex@=\dimen103
))
(/usr/share/texlive/texmf-dist/tex/latex/amsmath/amsbsy.sty
Package: amsbsy 1999/11/29 v1.2d Bold Symbols
\pmbraise@=\dimen104
)
(/usr/share/texlive/texmf-dist/tex/latex/amsmath/amsopn.sty
Package: amsopn 1999/12/14 v2.01 operator names
)
\inf@bad=\count89
LaTeX Info: Redefining \frac on input line 199.
\uproot@=\count90
\leftroot@=\count91
LaTeX Info: Redefining \overline on input line 297.
\classnum@=\count92
\DOTSCASE@=\count93
LaTeX Info: Redefining \ldots on input line 394.
LaTeX Info: Redefining \dots on input line 397.
LaTeX Info: Redefining \cdots on input line 518.
\Mathstrutbox@=\box26
\strutbox@=\box27
\big@size=\dimen105
LaTeX Font Info:    Redeclaring font encoding OML on input line 630.
LaTeX Font Info:    Redeclaring font encoding OMS on input line 631.
\macc@depth=\count94
\c@MaxMatrixCols=\count95
\dotsspace@=\muskip10
\c@parentequation=\count96
\dspbrk@lvl=\count97
\tag@help=\toks15
\row@=\count98
\column@=\count99
\maxfields@=\count100
\andhelp@=\toks16
\eqnshift@=\dimen106
\alignsep@=\dimen107
\tagshift@=\dimen108
\tagwidth@=\dimen109
\totwidth@=\dimen110
\lineht@=\dimen111
\@envbody=\toks17
\multlinegap=\skip44
\multlinetaggap=\skip45
\mathdisplay@stack=\toks18
LaTeX Info: Redefining \[ on input line 2735.
LaTeX Info: Redefining \] on input line 2736.
)
(/usr/share/texlive/texmf-dist/tex/latex/amscls/amsthm.sty
Package: amsthm 2015/03/04 v2.20.2
\thm@style=\toks19
\thm@bodyfont=\toks20
\thm@headfont=\toks21
\thm@notefont=\toks22
\thm@headpunct=\toks23
\thm@preskip=\skip46
\thm@postskip=\skip47
\thm@headsep=\skip48
\dth@everypar=\toks24
)
(/usr/share/texlive/texmf-dist/tex/latex/amsfonts/amssymb.sty
Package: amssymb 2013/01/14 v3.01 AMS font symbols

(/usr/share/texlive/texmf-dist/tex/latex/amsfonts/amsfonts.sty
Package: amsfonts 2013/01/14 v3.01 Basic AMSFonts support
\symAMSa=\mathgroup4
\symAMSb=\mathgroup5
LaTeX Font Info:    Overwriting math alphabet `\mathfrak' in version `bold'
(Font)                  U/euf/m/n --> U/euf/b/n on input line 106.
))
(/usr/share/texlive/texmf-dist/tex/latex/setspace/setspace.sty
Package: setspace 2011/12/19 v6.7a set line spacing
)
\c@theorem=\count101

(/usr/share/texlive/texmf-dist/tex/latex/xcolor/xcolor.sty
Package: xcolor 2007/01/21 v2.11 LaTeX color extensions (UK)

(/usr/share/texlive/texmf-dist/tex/latex/latexconfig/color.cfg
File: color.cfg 2007/01/18 v1.5 color configuration of teTeX/TeXLive
)
Package xcolor Info: Driver file: pdftex.def on input line 225.

(/usr/share/texlive/texmf-dist/tex/latex/pdftex-def/pdftex.def
File: pdftex.def 2011/05/27 v0.06d Graphics/color for pdfTeX

(/usr/share/texlive/texmf-dist/tex/generic/oberdiek/infwarerr.sty
Package: infwarerr 2010/04/08 v1.3 Providing info/warning/error messages (HO)
)
(/usr/share/texlive/texmf-dist/tex/generic/oberdiek/ltxcmds.sty
Package: ltxcmds 2011/11/09 v1.22 LaTeX kernel commands for general use (HO)
)
\Gread@gobject=\count102
)
Package xcolor Info: Model `cmy' substituted by `cmy0' on input line 1337.
Package xcolor Info: Model `hsb' substituted by `rgb' on input line 1341.
Package xcolor Info: Model `RGB' extended on input line 1353.
Package xcolor Info: Model `HTML' substituted by `rgb' on input line 1355.
Package xcolor Info: Model `Hsb' substituted by `hsb' on input line 1356.
Package xcolor Info: Model `tHsb' substituted by `hsb' on input line 1357.
Package xcolor Info: Model `HSB' substituted by `hsb' on input line 1358.
Package xcolor Info: Model `Gray' substituted by `gray' on input line 1359.
Package xcolor Info: Model `wave' substituted by `hsb' on input line 1360.
)
(/usr/share/texlive/texmf-dist/tex/latex/hyperref/hyperref.sty
Package: hyperref 2012/11/06 v6.83m Hypertext links for LaTeX

(/usr/share/texlive/texmf-dist/tex/generic/oberdiek/hobsub-hyperref.sty
Package: hobsub-hyperref 2012/05/28 v1.13 Bundle oberdiek, subset hyperref (HO)


(/usr/share/texlive/texmf-dist/tex/generic/oberdiek/hobsub-generic.sty
Package: hobsub-generic 2012/05/28 v1.13 Bundle oberdiek, subset generic (HO)
Package: hobsub 2012/05/28 v1.13 Construct package bundles (HO)
Package hobsub Info: Skipping package `infwarerr' (already loaded).
Package hobsub Info: Skipping package `ltxcmds' (already loaded).
Package: ifluatex 2010/03/01 v1.3 Provides the ifluatex switch (HO)
Package ifluatex Info: LuaTeX not detected.
Package: ifvtex 2010/03/01 v1.5 Detect VTeX and its facilities (HO)
Package ifvtex Info: VTeX not detected.
Package: intcalc 2007/09/27 v1.1 Expandable calculations with integers (HO)
Package: ifpdf 2011/01/30 v2.3 Provides the ifpdf switch (HO)
Package ifpdf Info: pdfTeX in PDF mode is detected.
Package: etexcmds 2011/02/16 v1.5 Avoid name clashes with e-TeX commands (HO)
Package etexcmds Info: Could not find \expanded.
(etexcmds)             That can mean that you are not using pdfTeX 1.50 or
(etexcmds)             that some package has redefined \expanded.
(etexcmds)             In the latter case, load this package earlier.
Package: kvsetkeys 2012/04/25 v1.16 Key value parser (HO)
Package: kvdefinekeys 2011/04/07 v1.3 Define keys (HO)
Package: pdftexcmds 2011/11/29 v0.20 Utility functions of pdfTeX for LuaTeX (HO
)
Package pdftexcmds Info: LuaTeX not detected.
Package pdftexcmds Info: \pdf@primitive is available.
Package pdftexcmds Info: \pdf@ifprimitive is available.
Package pdftexcmds Info: \pdfdraftmode found.
Package: pdfescape 2011/11/25 v1.13 Implements pdfTeX's escape features (HO)
Package: bigintcalc 2012/04/08 v1.3 Expandable calculations on big integers (HO
)
Package: bitset 2011/01/30 v1.1 Handle bit-vector datatype (HO)
Package: uniquecounter 2011/01/30 v1.2 Provide unlimited unique counter (HO)
)
Package hobsub Info: Skipping package `hobsub' (already loaded).
Package: letltxmacro 2010/09/02 v1.4 Let assignment for LaTeX macros (HO)
Package: hopatch 2012/05/28 v1.2 Wrapper for package hooks (HO)
Package: xcolor-patch 2011/01/30 xcolor patch
Package: atveryend 2011/06/30 v1.8 Hooks at the very end of document (HO)
Package atveryend Info: \enddocument detected (standard20110627).
Package: atbegshi 2011/10/05 v1.16 At begin shipout hook (HO)
Package: refcount 2011/10/16 v3.4 Data extraction from label references (HO)
Package: hycolor 2011/01/30 v1.7 Color options for hyperref/bookmark (HO)
)
(/usr/share/texlive/texmf-dist/tex/latex/graphics/keyval.sty
Package: keyval 2014/10/28 v1.15 key=value parser (DPC)
\KV@toks@=\toks25
)
(/usr/share/texlive/texmf-dist/tex/generic/ifxetex/ifxetex.sty
Package: ifxetex 2010/09/12 v0.6 Provides ifxetex conditional
)
(/usr/share/texlive/texmf-dist/tex/latex/oberdiek/auxhook.sty
Package: auxhook 2011/03/04 v1.3 Hooks for auxiliary files (HO)
)
(/usr/share/texlive/texmf-dist/tex/latex/oberdiek/kvoptions.sty
Package: kvoptions 2011/06/30 v3.11 Key value format for package options (HO)
)
\@linkdim=\dimen112
\Hy@linkcounter=\count103
\Hy@pagecounter=\count104

(/usr/share/texlive/texmf-dist/tex/latex/hyperref/pd1enc.def
File: pd1enc.def 2012/11/06 v6.83m Hyperref: PDFDocEncoding definition (HO)
)
\Hy@SavedSpaceFactor=\count105

(/usr/share/texlive/texmf-dist/tex/latex/latexconfig/hyperref.cfg
File: hyperref.cfg 2002/06/06 v1.2 hyperref configuration of TeXLive
)
Package hyperref Info: Option `colorlinks' set `true' on input line 4319.
Package hyperref Info: Option `raiselinks' set `true' on input line 4319.
Package hyperref Info: Option `bookmarks' set `true' on input line 4319.
Package hyperref Info: Option `bookmarksopen' set `true' on input line 4319.
Package hyperref Info: Option `bookmarksnumbered' set `true' on input line 4319
.
Package hyperref Info: Option `hyperindex' set `true' on input line 4319.
Package hyperref Info: Option `plainpages' set `false' on input line 4319.
Package hyperref Info: Option `pdfpagelabels' set `true' on input line 4319.
Package hyperref Info: Hyper figures OFF on input line 4443.
Package hyperref Info: Link nesting OFF on input line 4448.
Package hyperref Info: Hyper index ON on input line 4451.
Package hyperref Info: Plain pages OFF on input line 4458.
Package hyperref Info: Backreferencing OFF on input line 4463.
Package hyperref Info: Implicit mode ON; LaTeX internals redefined.
Package hyperref Info: Bookmarks ON on input line 4688.
\c@Hy@tempcnt=\count106

(/usr/share/texlive/texmf-dist/tex/latex/url/url.sty
\Urlmuskip=\muskip11
Package: url 2013/09/16  ver 3.4  Verb mode for urls, etc.
)
LaTeX Info: Redefining \url on input line 5041.
\XeTeXLinkMargin=\dimen113
\Fld@menulength=\count107
\Field@Width=\dimen114
\Fld@charsize=\dimen115
Package hyperref Info: Hyper figures OFF on input line 6295.
Package hyperref Info: Link nesting OFF on input line 6300.
Package hyperref Info: Hyper index ON on input line 6303.
Package hyperref Info: backreferencing OFF on input line 6310.
Package hyperref Info: Link coloring ON on input line 6313.
Package hyperref Info: Link coloring with OCG OFF on input line 6320.
Package hyperref Info: PDF/A mode OFF on input line 6325.
LaTeX Info: Redefining \ref on input line 6365.
LaTeX Info: Redefining \pageref on input line 6369.
\Hy@abspage=\count108
\c@Item=\count109
\c@Hfootnote=\count110
)

Package hyperref Message: Driver (autodetected): hpdftex.

(/usr/share/texlive/texmf-dist/tex/latex/hyperref/hpdftex.def
File: hpdftex.def 2012/11/06 v6.83m Hyperref driver for pdfTeX
\Fld@listcount=\count111
\c@bookmark@seq@number=\count112

(/usr/share/texlive/texmf-dist/tex/latex/oberdiek/rerunfilecheck.sty
Package: rerunfilecheck 2011/04/15 v1.7 Rerun checks for auxiliary files (HO)
Package uniquecounter Info: New unique counter `rerunfilecheck' on input line 2
82.
)
\Hy@SectionHShift=\skip49
)
(/usr/share/texlive/texmf-dist/tex/latex/todonotes/todonotes.sty
Package: todonotes 2015/07/09 .dtx Todonotes source and documentation.
Package: todonotes 2012/07/25

(/usr/share/texlive/texmf-dist/tex/latex/base/ifthen.sty
Package: ifthen 2014/09/29 v1.1c Standard LaTeX ifthen package (DPC)
)
(/usr/share/texlive/texmf-dist/tex/latex/xkeyval/xkeyval.sty
Package: xkeyval 2014/12/03 v2.7a package option processing (HA)

(/usr/share/texlive/texmf-dist/tex/generic/xkeyval/xkeyval.tex
(/usr/share/texlive/texmf-dist/tex/generic/xkeyval/xkvutils.tex
\XKV@toks=\toks26
\XKV@tempa@toks=\toks27
)
\XKV@depth=\count113
File: xkeyval.tex 2014/12/03 v2.7a key=value parser (HA)
))
(/usr/share/texlive/texmf-dist/tex/latex/pgf/frontendlayer/tikz.sty
(/usr/share/texlive/texmf-dist/tex/latex/pgf/basiclayer/pgf.sty
(/usr/share/texlive/texmf-dist/tex/latex/pgf/utilities/pgfrcs.sty
(/usr/share/texlive/texmf-dist/tex/generic/pgf/utilities/pgfutil-common.tex
\pgfutil@everybye=\toks28
\pgfutil@tempdima=\dimen116
\pgfutil@tempdimb=\dimen117

(/usr/share/texlive/texmf-dist/tex/generic/pgf/utilities/pgfutil-common-lists.t
ex)) (/usr/share/texlive/texmf-dist/tex/generic/pgf/utilities/pgfutil-latex.def
\pgfutil@abb=\box28
(/usr/share/texlive/texmf-dist/tex/latex/ms/everyshi.sty
Package: everyshi 2001/05/15 v3.00 EveryShipout Package (MS)
))
(/usr/share/texlive/texmf-dist/tex/generic/pgf/utilities/pgfrcs.code.tex
Package: pgfrcs 2015/08/07 v3.0.1a (rcs-revision 1.31)
))
Package: pgf 2015/08/07 v3.0.1a (rcs-revision 1.15)

(/usr/share/texlive/texmf-dist/tex/latex/pgf/basiclayer/pgfcore.sty
(/usr/share/texlive/texmf-dist/tex/latex/graphics/graphicx.sty
Package: graphicx 2014/10/28 v1.0g Enhanced LaTeX Graphics (DPC,SPQR)

(/usr/share/texlive/texmf-dist/tex/latex/graphics/graphics.sty
Package: graphics 2016/01/03 v1.0q Standard LaTeX Graphics (DPC,SPQR)

(/usr/share/texlive/texmf-dist/tex/latex/graphics/trig.sty
Package: trig 2016/01/03 v1.10 sin cos tan (DPC)
)
(/usr/share/texlive/texmf-dist/tex/latex/latexconfig/graphics.cfg
File: graphics.cfg 2010/04/23 v1.9 graphics configuration of TeX Live
)
Package graphics Info: Driver file: pdftex.def on input line 95.
)
\Gin@req@height=\dimen118
\Gin@req@width=\dimen119
)
(/usr/share/texlive/texmf-dist/tex/latex/pgf/systemlayer/pgfsys.sty
(/usr/share/texlive/texmf-dist/tex/generic/pgf/systemlayer/pgfsys.code.tex
Package: pgfsys 2014/07/09 v3.0.1a (rcs-revision 1.48)

(/usr/share/texlive/texmf-dist/tex/generic/pgf/utilities/pgfkeys.code.tex
\pgfkeys@pathtoks=\toks29
\pgfkeys@temptoks=\toks30

(/usr/share/texlive/texmf-dist/tex/generic/pgf/utilities/pgfkeysfiltered.code.t
ex
\pgfkeys@tmptoks=\toks31
))
\pgf@x=\dimen120
\pgf@y=\dimen121
\pgf@xa=\dimen122
\pgf@ya=\dimen123
\pgf@xb=\dimen124
\pgf@yb=\dimen125
\pgf@xc=\dimen126
\pgf@yc=\dimen127
\w@pgf@writea=\write3
\r@pgf@reada=\read1
\c@pgf@counta=\count114
\c@pgf@countb=\count115
\c@pgf@countc=\count116
\c@pgf@countd=\count117
\t@pgf@toka=\toks32
\t@pgf@tokb=\toks33
\t@pgf@tokc=\toks34
 (/usr/share/texlive/texmf-dist/tex/generic/pgf/systemlayer/pgf.cfg
File: pgf.cfg 2008/05/14  (rcs-revision 1.7)
)
Driver file for pgf: pgfsys-pdftex.def

(/usr/share/texlive/texmf-dist/tex/generic/pgf/systemlayer/pgfsys-pdftex.def
File: pgfsys-pdftex.def 2014/10/11  (rcs-revision 1.35)

(/usr/share/texlive/texmf-dist/tex/generic/pgf/systemlayer/pgfsys-common-pdf.de
f
File: pgfsys-common-pdf.def 2013/10/10  (rcs-revision 1.13)
)))
(/usr/share/texlive/texmf-dist/tex/generic/pgf/systemlayer/pgfsyssoftpath.code.
tex
File: pgfsyssoftpath.code.tex 2013/09/09  (rcs-revision 1.9)
\pgfsyssoftpath@smallbuffer@items=\count118
\pgfsyssoftpath@bigbuffer@items=\count119
)
(/usr/share/texlive/texmf-dist/tex/generic/pgf/systemlayer/pgfsysprotocol.code.
tex
File: pgfsysprotocol.code.tex 2006/10/16  (rcs-revision 1.4)
))
(/usr/share/texlive/texmf-dist/tex/generic/pgf/basiclayer/pgfcore.code.tex
Package: pgfcore 2010/04/11 v3.0.1a (rcs-revision 1.7)

(/usr/share/texlive/texmf-dist/tex/generic/pgf/math/pgfmath.code.tex
(/usr/share/texlive/texmf-dist/tex/generic/pgf/math/pgfmathcalc.code.tex
(/usr/share/texlive/texmf-dist/tex/generic/pgf/math/pgfmathutil.code.tex)
(/usr/share/texlive/texmf-dist/tex/generic/pgf/math/pgfmathparser.code.tex
\pgfmath@dimen=\dimen128
\pgfmath@count=\count120
\pgfmath@box=\box29
\pgfmath@toks=\toks35
\pgfmath@stack@operand=\toks36
\pgfmath@stack@operation=\toks37
)
(/usr/share/texlive/texmf-dist/tex/generic/pgf/math/pgfmathfunctions.code.tex
(/usr/share/texlive/texmf-dist/tex/generic/pgf/math/pgfmathfunctions.basic.code
.tex)
(/usr/share/texlive/texmf-dist/tex/generic/pgf/math/pgfmathfunctions.trigonomet
ric.code.tex)
(/usr/share/texlive/texmf-dist/tex/generic/pgf/math/pgfmathfunctions.random.cod
e.tex)
(/usr/share/texlive/texmf-dist/tex/generic/pgf/math/pgfmathfunctions.comparison
.code.tex)
(/usr/share/texlive/texmf-dist/tex/generic/pgf/math/pgfmathfunctions.base.code.
tex)
(/usr/share/texlive/texmf-dist/tex/generic/pgf/math/pgfmathfunctions.round.code
.tex)
(/usr/share/texlive/texmf-dist/tex/generic/pgf/math/pgfmathfunctions.misc.code.
tex)
(/usr/share/texlive/texmf-dist/tex/generic/pgf/math/pgfmathfunctions.integerari
thmetics.code.tex)))
(/usr/share/texlive/texmf-dist/tex/generic/pgf/math/pgfmathfloat.code.tex
\c@pgfmathroundto@lastzeros=\count121
))
(/usr/share/texlive/texmf-dist/tex/generic/pgf/basiclayer/pgfcorepoints.code.te
x
File: pgfcorepoints.code.tex 2013/10/07  (rcs-revision 1.27)
\pgf@picminx=\dimen129
\pgf@picmaxx=\dimen130
\pgf@picminy=\dimen131
\pgf@picmaxy=\dimen132
\pgf@pathminx=\dimen133
\pgf@pathmaxx=\dimen134
\pgf@pathminy=\dimen135
\pgf@pathmaxy=\dimen136
\pgf@xx=\dimen137
\pgf@xy=\dimen138
\pgf@yx=\dimen139
\pgf@yy=\dimen140
\pgf@zx=\dimen141
\pgf@zy=\dimen142
)
(/usr/share/texlive/texmf-dist/tex/generic/pgf/basiclayer/pgfcorepathconstruct.
code.tex
File: pgfcorepathconstruct.code.tex 2013/10/07  (rcs-revision 1.29)
\pgf@path@lastx=\dimen143
\pgf@path@lasty=\dimen144
)
(/usr/share/texlive/texmf-dist/tex/generic/pgf/basiclayer/pgfcorepathusage.code
.tex
File: pgfcorepathusage.code.tex 2014/11/02  (rcs-revision 1.24)
\pgf@shorten@end@additional=\dimen145
\pgf@shorten@start@additional=\dimen146
)
(/usr/share/texlive/texmf-dist/tex/generic/pgf/basiclayer/pgfcorescopes.code.te
x
File: pgfcorescopes.code.tex 2015/05/08  (rcs-revision 1.46)
\pgfpic=\box30
\pgf@hbox=\box31
\pgf@layerbox@main=\box32
\pgf@picture@serial@count=\count122
)
(/usr/share/texlive/texmf-dist/tex/generic/pgf/basiclayer/pgfcoregraphicstate.c
ode.tex
File: pgfcoregraphicstate.code.tex 2014/11/02  (rcs-revision 1.12)
\pgflinewidth=\dimen147
)
(/usr/share/texlive/texmf-dist/tex/generic/pgf/basiclayer/pgfcoretransformation
s.code.tex
File: pgfcoretransformations.code.tex 2015/08/07  (rcs-revision 1.20)
\pgf@pt@x=\dimen148
\pgf@pt@y=\dimen149
\pgf@pt@temp=\dimen150
)
(/usr/share/texlive/texmf-dist/tex/generic/pgf/basiclayer/pgfcorequick.code.tex
File: pgfcorequick.code.tex 2008/10/09  (rcs-revision 1.3)
)
(/usr/share/texlive/texmf-dist/tex/generic/pgf/basiclayer/pgfcoreobjects.code.t
ex
File: pgfcoreobjects.code.tex 2006/10/11  (rcs-revision 1.2)
)
(/usr/share/texlive/texmf-dist/tex/generic/pgf/basiclayer/pgfcorepathprocessing
.code.tex
File: pgfcorepathprocessing.code.tex 2013/09/09  (rcs-revision 1.9)
)
(/usr/share/texlive/texmf-dist/tex/generic/pgf/basiclayer/pgfcorearrows.code.te
x
File: pgfcorearrows.code.tex 2015/05/14  (rcs-revision 1.43)
\pgfarrowsep=\dimen151
)
(/usr/share/texlive/texmf-dist/tex/generic/pgf/basiclayer/pgfcoreshade.code.tex
File: pgfcoreshade.code.tex 2013/07/15  (rcs-revision 1.15)
\pgf@max=\dimen152
\pgf@sys@shading@range@num=\count123
)
(/usr/share/texlive/texmf-dist/tex/generic/pgf/basiclayer/pgfcoreimage.code.tex
File: pgfcoreimage.code.tex 2013/07/15  (rcs-revision 1.18)

(/usr/share/texlive/texmf-dist/tex/generic/pgf/basiclayer/pgfcoreexternal.code.
tex
File: pgfcoreexternal.code.tex 2014/07/09  (rcs-revision 1.21)
\pgfexternal@startupbox=\box33
))
(/usr/share/texlive/texmf-dist/tex/generic/pgf/basiclayer/pgfcorelayers.code.te
x
File: pgfcorelayers.code.tex 2013/07/18  (rcs-revision 1.7)
)
(/usr/share/texlive/texmf-dist/tex/generic/pgf/basiclayer/pgfcoretransparency.c
ode.tex
File: pgfcoretransparency.code.tex 2013/09/30  (rcs-revision 1.5)
)
(/usr/share/texlive/texmf-dist/tex/generic/pgf/basiclayer/pgfcorepatterns.code.
tex
File: pgfcorepatterns.code.tex 2013/11/07  (rcs-revision 1.5)
)))
(/usr/share/texlive/texmf-dist/tex/generic/pgf/modules/pgfmoduleshapes.code.tex
File: pgfmoduleshapes.code.tex 2014/03/21  (rcs-revision 1.35)
\pgfnodeparttextbox=\box34
) (/usr/share/texlive/texmf-dist/tex/generic/pgf/modules/pgfmoduleplot.code.tex
File: pgfmoduleplot.code.tex 2015/08/03  (rcs-revision 1.13)
)
(/usr/share/texlive/texmf-dist/tex/latex/pgf/compatibility/pgfcomp-version-0-65
.sty
Package: pgfcomp-version-0-65 2007/07/03 v3.0.1a (rcs-revision 1.7)
\pgf@nodesepstart=\dimen153
\pgf@nodesepend=\dimen154
)
(/usr/share/texlive/texmf-dist/tex/latex/pgf/compatibility/pgfcomp-version-1-18
.sty
Package: pgfcomp-version-1-18 2007/07/23 v3.0.1a (rcs-revision 1.1)
)) (/usr/share/texlive/texmf-dist/tex/latex/pgf/utilities/pgffor.sty
(/usr/share/texlive/texmf-dist/tex/latex/pgf/utilities/pgfkeys.sty
(/usr/share/texlive/texmf-dist/tex/generic/pgf/utilities/pgfkeys.code.tex))
(/usr/share/texlive/texmf-dist/tex/latex/pgf/math/pgfmath.sty
(/usr/share/texlive/texmf-dist/tex/generic/pgf/math/pgfmath.code.tex))
(/usr/share/texlive/texmf-dist/tex/generic/pgf/utilities/pgffor.code.tex
Package: pgffor 2013/12/13 v3.0.1a (rcs-revision 1.25)

(/usr/share/texlive/texmf-dist/tex/generic/pgf/math/pgfmath.code.tex)
\pgffor@iter=\dimen155
\pgffor@skip=\dimen156
\pgffor@stack=\toks38
\pgffor@toks=\toks39
))
(/usr/share/texlive/texmf-dist/tex/generic/pgf/frontendlayer/tikz/tikz.code.tex
Package: tikz 2015/08/07 v3.0.1a (rcs-revision 1.151)

(/usr/share/texlive/texmf-dist/tex/generic/pgf/libraries/pgflibraryplothandlers
.code.tex
File: pgflibraryplothandlers.code.tex 2013/08/31 v3.0.1a (rcs-revision 1.20)
\pgf@plot@mark@count=\count124
\pgfplotmarksize=\dimen157
)
\tikz@lastx=\dimen158
\tikz@lasty=\dimen159
\tikz@lastxsaved=\dimen160
\tikz@lastysaved=\dimen161
\tikzleveldistance=\dimen162
\tikzsiblingdistance=\dimen163
\tikz@figbox=\box35
\tikz@figbox@bg=\box36
\tikz@tempbox=\box37
\tikz@tempbox@bg=\box38
\tikztreelevel=\count125
\tikznumberofchildren=\count126
\tikznumberofcurrentchild=\count127
\tikz@fig@count=\count128

(/usr/share/texlive/texmf-dist/tex/generic/pgf/modules/pgfmodulematrix.code.tex
File: pgfmodulematrix.code.tex 2013/09/17  (rcs-revision 1.8)
\pgfmatrixcurrentrow=\count129
\pgfmatrixcurrentcolumn=\count130
\pgf@matrix@numberofcolumns=\count131
)
\tikz@expandcount=\count132

(/usr/share/texlive/texmf-dist/tex/generic/pgf/frontendlayer/tikz/libraries/tik
zlibrarytopaths.code.tex
File: tikzlibrarytopaths.code.tex 2008/06/17 v3.0.1a (rcs-revision 1.2)
)))
(/usr/share/texlive/texmf-dist/tex/generic/pgf/frontendlayer/tikz/libraries/tik
zlibrarypositioning.code.tex
File: tikzlibrarypositioning.code.tex 2008/10/06 v3.0.1a (rcs-revision 1.7)
)
(/usr/share/texlive/texmf-dist/tex/latex/tools/calc.sty
Package: calc 2014/10/28 v4.3 Infix arithmetic (KKT,FJ)
\calc@Acount=\count133
\calc@Bcount=\count134
\calc@Adimen=\dimen164
\calc@Bdimen=\dimen165
\calc@Askip=\skip50
\calc@Bskip=\skip51
LaTeX Info: Redefining \setlength on input line 80.
LaTeX Info: Redefining \addtolength on input line 81.
\calc@Ccount=\count135
\calc@Cskip=\skip52
)
\c@@todonotes@numberoftodonotes=\count136
)
(/usr/share/texlive/texmf-dist/tex/latex/mathtools/empheq.sty
Package: empheq 2014/07/16 v2.14 Emphasizing equations

(/usr/share/texlive/texmf-dist/tex/latex/mathtools/mhsetup.sty
Package: mhsetup 2010/01/21 v1.2a programming setup (MH)
)
(/usr/share/texlive/texmf-dist/tex/latex/mathtools/mathtools.sty
Package: mathtools 2015/11/12 v1.18 mathematical typesetting tools
LaTeX Info: Thecontrolsequence`\('isalreadyrobust on input line 129.
LaTeX Info: Thecontrolsequence`\)'isalreadyrobust on input line 129.
LaTeX Info: Thecontrolsequence`\['isalreadyrobust on input line 129.
LaTeX Info: Thecontrolsequence`\]'isalreadyrobust on input line 129.
\g_MT_multlinerow_int=\count137
\l_MT_multwidth_dim=\dimen166
\origjot=\skip53
\l_MT_shortvdotswithinadjustabove_dim=\dimen167
\l_MT_shortvdotswithinadjustbelow_dim=\dimen168
\l_MT_above_intertext_sep=\dimen169
\l_MT_below_intertext_sep=\dimen170
\l_MT_above_shortintertext_sep=\dimen171
\l_MT_below_shortintertext_sep=\dimen172
)
\l_EQ_equationtype_int=\count138
\l_EQ_alignmentmode_int=\count139
\l_EQ_totalwidth_dim=\dimen173
\l_EQ_displaywidth_dim=\dimen174
\l_EQ_temp_linewidth_dim=\dimen175
\EmphEqdelimitershortfall=\dimen176
\EmphEqdelimiterfactor=\count140
\g_EQ_toptag_height_dim=\dimen177
\g_EQ_bottomtag_depth_dim=\dimen178
\g_EQ_toprow_height_dim=\dimen179
\g_EQ_bottomrow_depth_dim=\dimen180
\g_EQ_widesttag_dim=\dimen181
\EQ_mathdisplay_box=\box39
\EQ_tag_box=\box40
\g_EQ_temprow_int=\count141
)
(/usr/share/texlive/texmf-dist/tex/latex/caption/caption.sty
Package: caption 2016/02/21 v3.3-144 Customizing captions (AR)

(/usr/share/texlive/texmf-dist/tex/latex/caption/caption3.sty
Package: caption3 2016/02/04 v1.7-139 caption3 kernel (AR)
Package caption3 Info: TeX engine: e-TeX on input line 67.
\captionmargin=\dimen182
\captionmargin@=\dimen183
\captionwidth=\dimen184
\caption@tempdima=\dimen185
\caption@indent=\dimen186
\caption@parindent=\dimen187
\caption@hangindent=\dimen188
)
\c@ContinuedFloat=\count142
Package caption Info: hyperref package is loaded.
)
(/usr/share/texlive/texmf-dist/tex/latex/caption/subcaption.sty
Package: subcaption 2016/02/20 v1.1-142 Sub-captions (AR)
\c@subfigure=\count143
\c@subtable=\count144
)
(/usr/share/texlive/texmf-dist/tex/latex/framed/framed.sty
Package: framed 2011/10/22 v 0.96: framed or shaded text with page breaks
\OuterFrameSep=\skip54
\fb@frw=\dimen189
\fb@frh=\dimen190
\FrameRule=\dimen191
\FrameSep=\dimen192
)
(/usr/share/texlive/texmf-dist/tex/latex/listings/listings.sty
\lst@mode=\count145
\lst@gtempboxa=\box41
\lst@token=\toks40
\lst@length=\count146
\lst@currlwidth=\dimen193
\lst@column=\count147
\lst@pos=\count148
\lst@lostspace=\dimen194
\lst@width=\dimen195
\lst@newlines=\count149
\lst@lineno=\count150
\lst@maxwidth=\dimen196

(/usr/share/texlive/texmf-dist/tex/latex/listings/lstmisc.sty
File: lstmisc.sty 2015/06/04 1.6 (Carsten Heinz)
\c@lstnumber=\count151
\lst@skipnumbers=\count152
\lst@framebox=\box42
)
(/usr/share/texlive/texmf-dist/tex/latex/listings/listings.cfg
File: listings.cfg 2015/06/04 1.6 listings configuration
))
Package: listings 2015/06/04 1.6 (Carsten Heinz)

(/usr/share/texlive/texmf-dist/tex/latex/wrapfig/wrapfig.sty
\wrapoverhang=\dimen197
\WF@size=\dimen198
\c@WF@wrappedlines=\count153
\WF@box=\box43
\WF@everypar=\toks41
Package: wrapfig 2003/01/31  v 3.6
)
(/usr/share/texlive/texmf-dist/tex/latex/sidecap/sidecap.sty
Package: sidecap 2003/06/06 v1.6f SideCap Package (RN/HjG)
\SC@BOXWD=\dimen199
\SC@CAPWD=\dimen256
\SC@tempdima=\dimen257
\SC@tempdimb=\dimen258
\c@SC@C=\count154
\SC@BOX=\box44
)
(/usr/share/texlive/texmf-dist/tex/latex/lineno/lineno.sty
Package: lineno 2005/11/02 line numbers on paragraphs v4.41
\linenopenalty=\count155
\output=\toks42
\linenoprevgraf=\count156
\linenumbersep=\dimen259
\linenumberwidth=\dimen260
\c@linenumber=\count157
\c@pagewiselinenumber=\count158
\c@LN@truepage=\count159
\c@internallinenumber=\count160
\c@internallinenumbers=\count161
\quotelinenumbersep=\dimen261
\bframerule=\dimen262
\bframesep=\dimen263
\bframebox=\box45
LaTeX Info: Redefining \\ on input line 3056.
)
(/usr/share/texlive/texmf-dist/tex/latex/marvosym/marvosym.sty
Package: marvosym 2011/07/20 v2.2 Martin Vogel's Symbols font definitions
)
(/usr/share/texlive/texmf-dist/tex/generic/xstring/xstring.sty
(/usr/share/texlive/texmf-dist/tex/generic/xstring/xstring.tex
\@xs@message=\write4
\integerpart=\count162
\decimalpart=\count163
)
Package: xstring 2013/10/13  v1.7c  String manipulations (C Tellechea)
)
(/usr/share/texlive/texmf-dist/tex/latex/mfirstuc/mfirstuc.sty
Package: mfirstuc 2015/12/17 v2.02 (NLCT)

(/usr/share/texlive/texmf-dist/tex/latex/etoolbox/etoolbox.sty
Package: etoolbox 2015/08/02 v2.2a e-TeX tools for LaTeX (JAW)
\etb@tempcnta=\count164
)
\@glsmfirst=\toks43
\@glsmrest=\toks44
)
(/usr/share/texlive/texmf-dist/tex/latex/pdfpages/pdfpages.sty
Package: pdfpages 2015/09/18 v0.5d Insert pages of external PDF documents (AM)

(/usr/share/texlive/texmf-dist/tex/latex/eso-pic/eso-pic.sty
Package: eso-pic 2015/07/21 v2.0g eso-pic (RN)
)
\AM@pagewidth=\dimen264
\AM@pageheight=\dimen265

(/usr/share/texlive/texmf-dist/tex/latex/pdfpages/pppdftex.def
File: pppdftex.def 2015/09/18 v0.5d Pdfpages driver for pdfTeX (AM)
)
\AM@pagebox=\box46
\AM@toc@title=\toks45
\c@AM@survey=\count165
\AM@templatesizebox=\box47
)
(/usr/share/texlive/texmf-dist/tex/latex/lipsum/lipsum.sty
Package: lipsum 2014/07/27 v1.3 150 paragraphs of Lorem Ipsum dummy text
\c@lips@count=\count166
)
(/usr/share/texlive/texmf-dist/tex/latex/lettrine/lettrine.sty
File: lettrine.sty 2015/08/31 v1.9 (Daniel Flipo)
\c@DefaultLines=\count167
\c@DefaultDepth=\count168
\DefaultFindent=\dimen266
\DefaultNindent=\dimen267
\DefaultSlope=\dimen268
\DiscardVskip=\dimen269
\L@lbox=\box48
\L@tbox=\box49
\c@L@lines=\count169
\c@L@depth=\count170
\L@Pindent=\dimen270
\L@Findent=\dimen271
\L@Nindent=\dimen272
\L@lraise=\dimen273
\L@first=\dimen274
\L@next=\dimen275
\L@slope=\dimen276
\L@height=\dimen277
\L@novskip=\dimen278
\LettrineWidth=\dimen279
\LettrineHeight=\dimen280
\LettrineDepth=\dimen281

Loading lettrine.cfg
(/usr/share/texlive/texmf-dist/tex/latex/lettrine/lettrine.cfg))
(/usr/share/texlive/texmf-dist/tex/latex/cancel/cancel.sty
Package: cancel 2013/04/12 v2.2 Cancel math terms
)
(/usr/share/texlive/texmf-dist/tex/latex/cleveref/cleveref.sty
Package: cleveref 2013/12/28 v0.19 Intelligent cross-referencing
Package cleveref Info: `hyperref' support loaded on input line 2230.
LaTeX Info: Redefining \cref on input line 2230.
LaTeX Info: Redefining \Cref on input line 2230.
LaTeX Info: Redefining \crefrange on input line 2230.
LaTeX Info: Redefining \Crefrange on input line 2230.
LaTeX Info: Redefining \cpageref on input line 2230.
LaTeX Info: Redefining \Cpageref on input line 2230.
LaTeX Info: Redefining \cpagerefrange on input line 2230.
LaTeX Info: Redefining \Cpagerefrange on input line 2230.
LaTeX Info: Redefining \labelcref on input line 2230.
LaTeX Info: Redefining \labelcpageref on input line 2230.
Package cleveref Info: `amsthm' support loaded on input line 2858.
Package cleveref Info: `listings' support loaded on input line 2950.
Package cleveref Info: no abbreviation of names on input line 7493.
)
(/usr/share/texlive/texmf-dist/tex/latex/tools/indentfirst.sty
Package: indentfirst 1995/11/23 v1.03 Indent first paragraph (DPC)
)
(/usr/share/texlive/texmf-dist/tex/latex/algorithmicx/algorithmicx.sty
Package: algorithmicx 2005/04/27 v1.2 Algorithmicx

Document Style algorithmicx 1.2 - a greatly improved `algorithmic' style
\c@ALG@line=\count171
\c@ALG@rem=\count172
\c@ALG@nested=\count173
\ALG@tlm=\skip55
\ALG@thistlm=\skip56
\c@ALG@Lnr=\count174
\c@ALG@blocknr=\count175
\c@ALG@storecount=\count176
\c@ALG@tmpcounter=\count177
\ALG@tmplength=\skip57
) (/usr/share/texlive/texmf-dist/tex/latex/algorithmicx/algpseudocode.sty
Package: algpseudocode 

Document Style - pseudocode environments for use with the `algorithmicx' style
) (/usr/share/texlive/texmf-dist/tex/latex/algorithms/algorithm.sty
Package: algorithm 2009/08/24 v0.1 Document Style `algorithm' - floating enviro
nment

(/usr/share/texlive/texmf-dist/tex/latex/float/float.sty
Package: float 2001/11/08 v1.3d Float enhancements (AL)
\c@float@type=\count178
\float@exts=\toks46
\float@box=\box50
\@float@everytoks=\toks47
\@floatcapt=\box51
)
\@float@every@algorithm=\toks48
\c@algorithm=\count179
)
(/usr/share/texlive/texmf-dist/tex/latex/units/nicefrac.sty
Package: nicefrac 1998/08/04 v0.9b Nice fractions
\L@UnitsRaiseDisplaystyle=\skip58
\L@UnitsRaiseTextstyle=\skip59
\L@UnitsRaiseScriptstyle=\skip60
)
(/usr/share/texlive/texmf-dist/tex/latex/booktabs/booktabs.sty
Package: booktabs 2005/04/14 v1.61803 publication quality tables
\heavyrulewidth=\dimen282
\lightrulewidth=\dimen283
\cmidrulewidth=\dimen284
\belowrulesep=\dimen285
\belowbottomsep=\dimen286
\aboverulesep=\dimen287
\abovetopsep=\dimen288
\cmidrulesep=\dimen289
\cmidrulekern=\dimen290
\defaultaddspace=\dimen291
\@cmidla=\count180
\@cmidlb=\count181
\@aboverulesep=\dimen292
\@belowrulesep=\dimen293
\@thisruleclass=\count182
\@lastruleclass=\count183
\@thisrulewidth=\dimen294
)
(/usr/share/texlive/texmf-dist/tex/latex/multirow/multirow.sty
\bigstrutjot=\dimen295
)
(/usr/share/texlive/texmf-dist/tex/latex/colortbl/colortbl.sty
Package: colortbl 2012/02/13 v1.0a Color table columns (DPC)

(/usr/share/texlive/texmf-dist/tex/latex/tools/array.sty
Package: array 2014/10/28 v2.4c Tabular extension package (FMi)
\col@sep=\dimen296
\extrarowheight=\dimen297
\NC@list=\toks49
\extratabsurround=\skip61
\backup@length=\skip62
)
\everycr=\toks50
\minrowclearance=\skip63
)
(/usr/share/texlive/texmf-dist/tex/latex/listings/lstlang1.sty
File: lstlang1.sty 2015/06/04 1.6 listings language file
)
(/usr/share/texlive/texmf-dist/tex/latex/listings/lstlang1.sty
File: lstlang1.sty 2015/06/04 1.6 listings language file
)
(/usr/share/texlive/texmf-dist/tex/latex/listings/lstmisc.sty
File: lstmisc.sty 2015/06/04 1.6 (Carsten Heinz)
)
\mytemplen=\skip64
\mytempbox=\box52
\myindent=\skip65
 (./thesis.aux

LaTeX Warning: Label `fig:pick_and_place' multiply defined.


LaTeX Warning: Label `fig:pick_and_place@cref' multiply defined.


LaTeX Warning: Label `fig:pick_and_place' multiply defined.


LaTeX Warning: Label `fig:pick_and_place@cref' multiply defined.


LaTeX Warning: Label `fig:3_fing_grip' multiply defined.


LaTeX Warning: Label `fig:3_fing_grip@cref' multiply defined.


LaTeX Warning: Label `subsec:dataset_setup' multiply defined.


LaTeX Warning: Label `subsec:dataset_setup@cref' multiply defined.

)
\openout1 = `thesis.aux'.

LaTeX Font Info:    Checking defaults for OML/cmm/m/it on input line 167.
LaTeX Font Info:    ... okay on input line 167.
LaTeX Font Info:    Checking defaults for T1/cmr/m/n on input line 167.
LaTeX Font Info:    ... okay on input line 167.
LaTeX Font Info:    Checking defaults for OT1/cmr/m/n on input line 167.
LaTeX Font Info:    ... okay on input line 167.
LaTeX Font Info:    Checking defaults for OMS/cmsy/m/n on input line 167.
LaTeX Font Info:    ... okay on input line 167.
LaTeX Font Info:    Checking defaults for OMX/cmex/m/n on input line 167.
LaTeX Font Info:    ... okay on input line 167.
LaTeX Font Info:    Checking defaults for U/cmr/m/n on input line 167.
LaTeX Font Info:    ... okay on input line 167.
LaTeX Font Info:    Checking defaults for PD1/pdf/m/n on input line 167.
LaTeX Font Info:    ... okay on input line 167.
 (/usr/share/texlive/texmf-dist/tex/context/base/supp-pdf.mkii
[Loading MPS to PDF converter (version 2006.09.02).]
\scratchcounter=\count184
\scratchdimen=\dimen298
\scratchbox=\box53
\nofMPsegments=\count185
\nofMParguments=\count186
\everyMPshowfont=\toks51
\MPscratchCnt=\count187
\MPscratchDim=\dimen299
\MPnumerator=\count188
\makeMPintoPDFobject=\count189
\everyMPtoPDFconversion=\toks52
)
\AtBeginShipoutBox=\box54
Package hyperref Info: Link coloring ON on input line 167.
 (/usr/share/texlive/texmf-dist/tex/latex/hyperref/nameref.sty
Package: nameref 2012/10/27 v2.43 Cross-referencing by name of section

(/usr/share/texlive/texmf-dist/tex/generic/oberdiek/gettitlestring.sty
Package: gettitlestring 2010/12/03 v1.4 Cleanup title references (HO)
)
\c@section@level=\count190
)
LaTeX Info: Redefining \ref on input line 167.
LaTeX Info: Redefining \pageref on input line 167.
LaTeX Info: Redefining \nameref on input line 167.

(./thesis.out) (./thesis.out)
\@outlinefile=\write5
\openout5 = `thesis.out'.

 ABD: EveryShipout initializing macros
(/usr/share/texlive/texmf-dist/tex/latex/oberdiek/epstopdf-base.sty
Package: epstopdf-base 2010/02/09 v2.5 Base part for package epstopdf

(/usr/share/texlive/texmf-dist/tex/latex/oberdiek/grfext.sty
Package: grfext 2010/08/19 v1.1 Manage graphics extensions (HO)
)
Package grfext Info: Graphics extension search list:
(grfext)             [.png,.pdf,.jpg,.mps,.jpeg,.jbig2,.jb2,.PNG,.PDF,.JPG,.JPE
G,.JBIG2,.JB2,.eps]
(grfext)             \AppendGraphicsExtensions on input line 452.

(/usr/share/texlive/texmf-dist/tex/latex/latexconfig/epstopdf-sys.cfg
File: epstopdf-sys.cfg 2010/07/13 v1.3 Configuration of (r)epstopdf for TeX Liv
e
))
Package caption Info: Begin \AtBeginDocument code.
Package caption Info: float package is loaded.
Package caption Info: listings package is loaded.
Package caption Info: sidecap package is loaded.
Package caption Info: wrapfig package is loaded.
Package caption Info: End \AtBeginDocument code.
\c@lstlisting=\count191

(/usr/share/texlive/texmf-dist/tex/latex/ms/ragged2e.sty
Package: ragged2e 2009/05/21 v2.1 ragged2e Package (MS)

(/usr/share/texlive/texmf-dist/tex/latex/ms/everysel.sty
Package: everysel 2011/10/28 v1.2 EverySelectfont Package (MS)

ABD: EverySelectfont initializing macros
LaTeX Info: Redefining \selectfont on input line 126.
)
\CenteringLeftskip=\skip66
\RaggedLeftLeftskip=\skip67
\RaggedRightLeftskip=\skip68
\CenteringRightskip=\skip69
\RaggedLeftRightskip=\skip70
\RaggedRightRightskip=\skip71
\CenteringParfillskip=\skip72
\RaggedLeftParfillskip=\skip73
\RaggedRightParfillskip=\skip74
\JustifyingParfillskip=\skip75
\CenteringParindent=\skip76
\RaggedLeftParindent=\skip77
\RaggedRightParindent=\skip78
\JustifyingParindent=\skip79
)
(/usr/share/texlive/texmf-dist/tex/latex/oberdiek/pdflscape.sty
Package: pdflscape 2008/08/11 v0.10 Display of landscape pages in PDF (HO)

(/usr/share/texlive/texmf-dist/tex/latex/graphics/lscape.sty
Package: lscape 2000/10/22 v3.01 Landscape Pages (DPC)
)
Package pdflscape Info: Auto-detected driver: pdftex on input line 80.
)
Package epstopdf Info: Source file: <figures/sapienza_logo.eps>
(epstopdf)                    date: 2018-06-29 14:21:38
(epstopdf)                    size: 238670 bytes
(epstopdf)             Output file: <figures/sapienza_logo-eps-converted-to.pdf
>
(epstopdf)                    date: 2018-06-30 16:29:20
(epstopdf)                    size: 47545 bytes
(epstopdf)             Command: <repstopdf --outfile=figures/sapienza_logo-eps-
converted-to.pdf figures/sapienza_logo.eps>
(epstopdf)             \includegraphics on input line 172.
Package epstopdf Info: Output file is already uptodate.

<figures/sapienza_logo-eps-converted-to.pdf, id=240, 1486.55376pt x 453.695pt>
File: figures/sapienza_logo-eps-converted-to.pdf Graphic file (type pdf)

<use figures/sapienza_logo-eps-converted-to.pdf>
Package pdftex.def Info: figures/sapienza_logo-eps-converted-to.pdf used on inp
ut line 172.
(pdftex.def)             Requested size: 163.1358pt x 49.79231pt.
 [1




{/var/lib/texmf/fonts/map/pdftex/updmap/pdftex.map} <./figures/sapienza_logo-ep
s-converted-to.pdf>]pdfTeX warning (ext4): destination with the same identifier
 (name{page.i}) has been already used, duplicate ignored
<to be read again> 
                   \relax 
l.174 \end{titlepage}
                      [1

]
\c@notation=\count192
 (./chapters/0_abstract.texpdfTeX warning (ext4): destination with the same ide
ntifier (name{page.i}) has been already used, duplicate ignored
<to be read again> 
                   \relax 
l.17 \chapter
             *{Nomenclature}\label{ch:symbols} [1

]) [2

] (./thesis.toc
LaTeX Font Info:    Try loading font information for U+msa on input line 4.

(/usr/share/texlive/texmf-dist/tex/latex/amsfonts/umsa.fd
File: umsa.fd 2013/01/14 v3.01 AMS symbols A
)
LaTeX Font Info:    Try loading font information for U+msb on input line 4.

(/usr/share/texlive/texmf-dist/tex/latex/amsfonts/umsb.fd
File: umsb.fd 2013/01/14 v3.01 AMS symbols B
) [3


] [4])
\tf@toc=\write6
\openout6 = `thesis.toc'.

 [5]
(./thesis.lof
Missing character: There is no â in font cmr10!
Missing character: There is no € in font cmr10!
Missing character: There is no ™ in font cmr10!
Missing character: There is no â in font cmr10!
Missing character: There is no € in font cmr10!
Missing character: There is no ™ in font cmr10!
Missing character: There is no â in font cmr10!
Missing character: There is no € in font cmr10!
Missing character: There is no ™ in font cmr10!

Overfull \hbox (1.76062pt too wide) in paragraph at lines 13--13
 [][] [][][]\OT1/cmr/bx/n/10.95 Youbot Pick and place ex-am-ple. \OT1/cmr/m/n/1
0.95 The SPQR Youbot dur-ing a Robocup 
 []

[6

]
Missing character: There is no â in font cmr10!
Missing character: There is no € in font cmr10!
Missing character: There is no ™ in font cmr10!
 [7]
Overfull \hbox (1.36534pt too wide) in paragraph at lines 39--39
 [][] [][][]\OT1/cmr/bx/n/10.95 Back-propagation al-go-rithm. \OT1/cmr/m/n/10.9
5 A com-plete rep-re-sen-ta-tion of al-go-rithm's 
 []

[8] [9])
\tf@lof=\write7
\openout7 = `thesis.lof'.

 [10] (./thesis.lot)
\tf@lot=\write8
\openout8 = `thesis.lot'.

 [11

] (./chapters/0_introduction.tex
Chapter 1.
LaTeX Font Info:    Try loading font information for OMS+cmr on input line 18.
(/usr/share/texlive/texmf-dist/tex/latex/base/omscmr.fd
File: omscmr.fd 2014/09/29 v2.5h Standard LaTeX font definitions
)
LaTeX Font Info:    Font shape `OMS/cmr/m/n' in size <10.95> not available
(Font)              Font shape `OMS/cmsy/m/n' tried instead on input line 18.
 [1


]
<figures/1_robot_grasping_with_antropomorphic_robots/hand-eye-robot.jpg, id=650
, 4065.1875pt x 2286.5425pt>
File: figures/1_robot_grasping_with_antropomorphic_robots/hand-eye-robot.jpg Gr
aphic file (type jpg)

<use figures/1_robot_grasping_with_antropomorphic_robots/hand-eye-robot.jpg>
Package pdftex.def Info: figures/1_robot_grasping_with_antropomorphic_robots/ha
nd-eye-robot.jpg used on input line 25.
(pdftex.def)             Requested size: 293.99872pt x 165.34268pt.

<figures/0_introduction/ARMAR3.png, id=654, 630.355pt x 455.7025pt>
File: figures/0_introduction/ARMAR3.png Graphic file (type png)

<use figures/0_introduction/ARMAR3.png>
Package pdftex.def Info: figures/0_introduction/ARMAR3.png used on input line 4
6.
(pdftex.def)             Requested size: 293.99872pt x 212.53918pt.
Missing character: There is no â in font cmr10!
Missing character: There is no € in font cmr10!
Missing character: There is no ™ in font cmr10!
Missing character: There is no â in font cmr10!
Missing character: There is no € in font cmr10!
Missing character: There is no ™ in font cmr10!
 [2 <./figures/1_robot_grasping_with_antropomorphic_robots/hand-eye-robot.jpg>]

<figures/0_introduction/RGBD_grasp.png, id=663, 674.52pt x 247.92625pt>
File: figures/0_introduction/RGBD_grasp.png Graphic file (type png)

<use figures/0_introduction/RGBD_grasp.png>
Package pdftex.def Info: figures/0_introduction/RGBD_grasp.png used on input li
ne 56.
(pdftex.def)             Requested size: 293.99872pt x 108.06268pt.
Missing character: There is no â in font cmr10!
Missing character: There is no € in font cmr10!
Missing character: There is no ™ in font cmr10!
Missing character: There is no â in font cmr10!
Missing character: There is no € in font cmr10!
Missing character: There is no ™ in font cmr10!
Missing character: There is no â in font cmr10!
Missing character: There is no € in font cmr10!
Missing character: There is no ™ in font cmr10!
Missing character: There is no â in font cmr10!
Missing character: There is no € in font cmr10!
Missing character: There is no ™ in font cmr10!

<figures/0_introduction/epsilon_grasp.png, id=666, 509.905pt x 296.10625pt>
File: figures/0_introduction/epsilon_grasp.png Graphic file (type png)

<use figures/0_introduction/epsilon_grasp.png>
Package pdftex.def Info: figures/0_introduction/epsilon_grasp.png used on input
 line 66.
(pdftex.def)             Requested size: 293.99872pt x 170.73418pt.
 [3 <./figures/0_introduction/ARMAR3.png> <./figures/0_introduction/RGBD_grasp.
png>]
<figures/0_introduction/cornell_dataset.jpg, id=674, 409.53pt x 207.6558pt>
File: figures/0_introduction/cornell_dataset.jpg Graphic file (type jpg)

<use figures/0_introduction/cornell_dataset.jpg>
Package pdftex.def Info: figures/0_introduction/cornell_dataset.jpg used on inp
ut line 81.
(pdftex.def)             Requested size: 293.99872pt x 149.08429pt.
 [4 <./figures/0_introduction/epsilon_grasp.png>]
<figures/0_introduction/parallel_robots.jpeg, id=690, 622.325pt x 371.3875pt>
File: figures/0_introduction/parallel_robots.jpeg Graphic file (type jpg)

<use figures/0_introduction/parallel_robots.jpeg>
Package pdftex.def Info: figures/0_introduction/parallel_robots.jpeg used on in
put line 94.
(pdftex.def)             Requested size: 293.99872pt x 175.45317pt.
 [5 <./figures/0_introduction/cornell_dataset.jpg>]
<figures/0_introduction/graspit.png, id=704, 853.1875pt x 533.995pt>
File: figures/0_introduction/graspit.png Graphic file (type png)

<use figures/0_introduction/graspit.png>
Package pdftex.def Info: figures/0_introduction/graspit.png used on input line 
104.
(pdftex.def)             Requested size: 293.99872pt x 184.00847pt.

<figures/0_introduction/dart.jpeg, id=705, 661.47125pt x 467.7475pt>
File: figures/0_introduction/dart.jpeg Graphic file (type jpg)

<use figures/0_introduction/dart.jpeg>
Package pdftex.def Info: figures/0_introduction/dart.jpeg used on input line 11
1.
(pdftex.def)             Requested size: 293.99872pt x 207.8936pt.
 [6 <./figures/0_introduction/parallel_robots.jpeg> <./figures/0_introduction/g
raspit.png>]
Overfull \hbox (10.20016pt too wide) in paragraph at lines 115--118
[]\OT1/cmr/m/n/10.95 DART, i.e., \OT1/cmr/m/it/10.95 Dy-namic An-i-ma-tion and 
Robotics Toolkit\OT1/cmr/m/n/10.95 , has bet-ter fea-tures than GraspIt!.
 []

<figures/0_introduction/robocupTeam.jpg, id=718, 1443.3925pt x 1401.235pt>
File: figures/0_introduction/robocupTeam.jpg Graphic file (type jpg)

<use figures/0_introduction/robocupTeam.jpg>
Package pdftex.def Info: figures/0_introduction/robocupTeam.jpg used on input l
ine 131.
(pdftex.def)             Requested size: 433.02109pt x 420.37375pt.

Overfull \hbox (13.02109pt too wide) in paragraph at lines 131--132
 [][] 
 []

[7 <./figures/0_introduction/dart.jpeg>]) [8 <./figures/0_introduction/robocupT
eam.jpg>] (./chapters/1_robot_grasping_with_antropomorphic_robots.tex
Chapter 2.

<figures/1_robot_grasping_with_antropomorphic_robots/pick_and_place.png, id=734
, 451.6875pt x 254.45062pt>
File: figures/1_robot_grasping_with_antropomorphic_robots/pick_and_place.png Gr
aphic file (type png)

<use figures/1_robot_grasping_with_antropomorphic_robots/pick_and_place.png>
Package pdftex.def Info: figures/1_robot_grasping_with_antropomorphic_robots/pi
ck_and_place.png used on input line 21.
(pdftex.def)             Requested size: 293.99872pt x 165.62778pt.

[9

]
<figures/1_robot_grasping_with_antropomorphic_robots/spqr_pp.jpg, id=739, 1445.
4pt x 1533.73pt>
File: figures/1_robot_grasping_with_antropomorphic_robots/spqr_pp.jpg Graphic f
ile (type jpg)

<use figures/1_robot_grasping_with_antropomorphic_robots/spqr_pp.jpg>
Package pdftex.def Info: figures/1_robot_grasping_with_antropomorphic_robots/sp
qr_pp.jpg used on input line 27.
(pdftex.def)             Requested size: 293.99872pt x 311.9594pt.
 [10 <./figures/1_robot_grasping_with_antropomorphic_robots/pick_and_place.png>
]
<figures/1_robot_grasping_with_antropomorphic_robots/kitting.png, id=745, 1421.
31pt x 862.22125pt>
File: figures/1_robot_grasping_with_antropomorphic_robots/kitting.png Graphic f
ile (type png)

<use figures/1_robot_grasping_with_antropomorphic_robots/kitting.png>
Package pdftex.def Info: figures/1_robot_grasping_with_antropomorphic_robots/ki
tting.png used on input line 38.
(pdftex.def)             Requested size: 293.99872pt x 178.34842pt.

<figures/1_robot_grasping_with_antropomorphic_robots/path_recording.png, id=746
, 1155.31625pt x 926.46124pt>
File: figures/1_robot_grasping_with_antropomorphic_robots/path_recording.png Gr
aphic file (type png)

<use figures/1_robot_grasping_with_antropomorphic_robots/path_recording.png>
Package pdftex.def Info: figures/1_robot_grasping_with_antropomorphic_robots/pa
th_recording.png used on input line 44.
(pdftex.def)             Requested size: 254.17036pt x 203.8221pt.

[11 <./figures/1_robot_grasping_with_antropomorphic_robots/spqr_pp.jpg>]
<figures/1_robot_grasping_with_antropomorphic_robots/rbp_example.png, id=753, 3
71.3875pt x 347.2975pt>
File: figures/1_robot_grasping_with_antropomorphic_robots/rbp_example.png Graph
ic file (type png)

<use figures/1_robot_grasping_with_antropomorphic_robots/rbp_example.png>
Package pdftex.def Info: figures/1_robot_grasping_with_antropomorphic_robots/rb
p_example.png used on input line 57.
(pdftex.def)             Requested size: 293.99872pt x 274.93434pt.

[12 <./figures/1_robot_grasping_with_antropomorphic_robots/kitting.png> <./figu
res/1_robot_grasping_with_antropomorphic_robots/path_recording.png>]
<figures/1_robot_grasping_with_antropomorphic_robots/rbp_alg.jpg, id=760, 428.6
0126pt x 299.1175pt>
File: figures/1_robot_grasping_with_antropomorphic_robots/rbp_alg.jpg Graphic f
ile (type jpg)

<use figures/1_robot_grasping_with_antropomorphic_robots/rbp_alg.jpg>
Package pdftex.def Info: figures/1_robot_grasping_with_antropomorphic_robots/rb
p_alg.jpg used on input line 64.
(pdftex.def)             Requested size: 293.99872pt x 205.18178pt.
 [13 <./figures/1_robot_grasping_with_antropomorphic_robots/rbp_example.png>]
Missing character: There is no â in font cmr10!
Missing character: There is no € in font cmr10!
Missing character: There is no ™ in font cmr10!
Missing character: There is no â in font cmr10!
Missing character: There is no € in font cmr10!
Missing character: There is no ™ in font cmr10!

<figures/1_robot_grasping_with_antropomorphic_robots/monkey.jpeg, id=766, 1039.
885pt x 592.2125pt>
File: figures/1_robot_grasping_with_antropomorphic_robots/monkey.jpeg Graphic f
ile (type jpg)

<use figures/1_robot_grasping_with_antropomorphic_robots/monkey.jpeg>
Package pdftex.def Info: figures/1_robot_grasping_with_antropomorphic_robots/mo
nkey.jpeg used on input line 81.
(pdftex.def)             Requested size: 311.96791pt x 177.66512pt.
 [14 <./figures/1_robot_grasping_with_antropomorphic_robots/rbp_alg.jpg>]

Package hyperref Warning: Token not allowed in a PDF string (PDFDocEncoding):
(hyperref)                removing `math shift' on input line 88.


Package hyperref Warning: Token not allowed in a PDF string (PDFDocEncoding):
(hyperref)                \hskip 10.95003pt
(hyperref)                replaced by space on input line 88.


Package hyperref Warning: Token not allowed in a PDF string (PDFDocEncoding):
(hyperref)                removing `math shift' on input line 88.


<figures/1_robot_grasping_with_antropomorphic_robots/parallel_gripper.jpg, id=7
71, 547.04375pt x 602.25pt>
File: figures/1_robot_grasping_with_antropomorphic_robots/parallel_gripper.jpg 
Graphic file (type jpg)

<use figures/1_robot_grasping_with_antropomorphic_robots/parallel_gripper.jpg>
Package pdftex.def Info: figures/1_robot_grasping_with_antropomorphic_robots/pa
rallel_gripper.jpg used on input line 93.
(pdftex.def)             Requested size: 164.11438pt x 180.67639pt.

[15 <./figures/1_robot_grasping_with_antropomorphic_robots/monkey.jpeg>]

Package hyperref Warning: Token not allowed in a PDF string (PDFDocEncoding):
(hyperref)                removing `math shift' on input line 98.


Package hyperref Warning: Token not allowed in a PDF string (PDFDocEncoding):
(hyperref)                \hskip 10.95003pt
(hyperref)                replaced by space on input line 98.


Package hyperref Warning: Token not allowed in a PDF string (PDFDocEncoding):
(hyperref)                removing `math shift' on input line 98.


<figures/1_robot_grasping_with_antropomorphic_robots/parallel_jaw_gripper.jpg, 
id=776, 1235.61626pt x 1138.2525pt>
File: figures/1_robot_grasping_with_antropomorphic_robots/parallel_jaw_gripper.
jpg Graphic file (type jpg)

<use figures/1_robot_grasping_with_antropomorphic_robots/parallel_jaw_gripper.j
pg>
Package pdftex.def Info: figures/1_robot_grasping_with_antropomorphic_robots/pa
rallel_jaw_gripper.jpg used on input line 103.
(pdftex.def)             Requested size: 247.11887pt x 227.64647pt.


Package hyperref Warning: Token not allowed in a PDF string (PDFDocEncoding):
(hyperref)                removing `math shift' on input line 108.


Package hyperref Warning: Token not allowed in a PDF string (PDFDocEncoding):
(hyperref)                \hskip 10.95003pt
(hyperref)                replaced by space on input line 108.


Package hyperref Warning: Token not allowed in a PDF string (PDFDocEncoding):
(hyperref)                removing `math shift' on input line 108.


<figures/1_robot_grasping_with_antropomorphic_robots/3_finger_gripper.jpg, id=7
79, 344.03531pt x 229.60782pt>
File: figures/1_robot_grasping_with_antropomorphic_robots/3_finger_gripper.jpg 
Graphic file (type jpg)

<use figures/1_robot_grasping_with_antropomorphic_robots/3_finger_gripper.jpg>
Package pdftex.def Info: figures/1_robot_grasping_with_antropomorphic_robots/3_
finger_gripper.jpg used on input line 113.
(pdftex.def)             Requested size: 240.82307pt x 160.72437pt.
Missing character: There is no â in font cmr10!
Missing character: There is no € in font cmr10!
Missing character: There is no ™ in font cmr10!
Missing character: There is no â in font cmr10!
Missing character: There is no € in font cmr10!
Missing character: There is no ™ in font cmr10!

[16 <./figures/1_robot_grasping_with_antropomorphic_robots/parallel_gripper.jpg
> <./figures/1_robot_grasping_with_antropomorphic_robots/parallel_jaw_gripper.j
pg>]
<figures/1_robot_grasping_with_antropomorphic_robots/3_fing_mode.png, id=784, 6
48.4225pt x 782.925pt>
File: figures/1_robot_grasping_with_antropomorphic_robots/3_fing_mode.png Graph
ic file (type png)

<use figures/1_robot_grasping_with_antropomorphic_robots/3_fing_mode.png>
Package pdftex.def Info: figures/1_robot_grasping_with_antropomorphic_robots/3_
fing_mode.png used on input line 119.
(pdftex.def)             Requested size: 278.81624pt x 336.65118pt.

[17 <./figures/1_robot_grasping_with_antropomorphic_robots/3_finger_gripper.jpg
>]

Package hyperref Warning: Token not allowed in a PDF string (PDFDocEncoding):
(hyperref)                removing `math shift' on input line 127.


Package hyperref Warning: Token not allowed in a PDF string (PDFDocEncoding):
(hyperref)                \hskip 10.95003pt
(hyperref)                replaced by space on input line 127.


Package hyperref Warning: Token not allowed in a PDF string (PDFDocEncoding):
(hyperref)                removing `math shift' on input line 127.


<figures/1_robot_grasping_with_antropomorphic_robots/vacuum_gripper.jpg, id=790
, 866.23625pt x 666.49pt>
File: figures/1_robot_grasping_with_antropomorphic_robots/vacuum_gripper.jpg Gr
aphic file (type jpg)

<use figures/1_robot_grasping_with_antropomorphic_robots/vacuum_gripper.jpg>
Package pdftex.def Info: figures/1_robot_grasping_with_antropomorphic_robots/va
cuum_gripper.jpg used on input line 133.
(pdftex.def)             Requested size: 259.87288pt x 199.94853pt.

[18 <./figures/1_robot_grasping_with_antropomorphic_robots/3_fing_mode.png>]

Package hyperref Warning: Token not allowed in a PDF string (PDFDocEncoding):
(hyperref)                removing `math shift' on input line 138.


Package hyperref Warning: Token not allowed in a PDF string (PDFDocEncoding):
(hyperref)                \hskip 10.95003pt
(hyperref)                replaced by space on input line 138.


Package hyperref Warning: Token not allowed in a PDF string (PDFDocEncoding):
(hyperref)                removing `math shift' on input line 138.


<figures/1_robot_grasping_with_antropomorphic_robots/micro_gripper.jpg, id=797,
 401.5pt x 260.975pt>
File: figures/1_robot_grasping_with_antropomorphic_robots/micro_gripper.jpg Gra
phic file (type jpg)

<use figures/1_robot_grasping_with_antropomorphic_robots/micro_gripper.jpg>
Package pdftex.def Info: figures/1_robot_grasping_with_antropomorphic_robots/mi
cro_gripper.jpg used on input line 145.
(pdftex.def)             Requested size: 293.99872pt x 191.11147pt.

[19 <./figures/1_robot_grasping_with_antropomorphic_robots/vacuum_gripper.jpg> 
<./figures/1_robot_grasping_with_antropomorphic_robots/micro_gripper.jpg>]

Package hyperref Warning: Token not allowed in a PDF string (PDFDocEncoding):
(hyperref)                removing `math shift' on input line 159.


Package hyperref Warning: Token not allowed in a PDF string (PDFDocEncoding):
(hyperref)                \hskip 10.95003pt
(hyperref)                replaced by space on input line 159.


Package hyperref Warning: Token not allowed in a PDF string (PDFDocEncoding):
(hyperref)                removing `math shift' on input line 159.


<figures/1_robot_grasping_with_antropomorphic_robots/camera_img.png, id=803, 10
48.91875pt x 308.15125pt>
File: figures/1_robot_grasping_with_antropomorphic_robots/camera_img.png Graphi
c file (type png)

<use figures/1_robot_grasping_with_antropomorphic_robots/camera_img.png>
Package pdftex.def Info: figures/1_robot_grasping_with_antropomorphic_robots/ca
mera_img.png used on input line 164.
(pdftex.def)             Requested size: 419.56006pt x 123.2583pt.

Underfull \hbox (badness 10000) in paragraph at lines 168--172

 []


Underfull \hbox (badness 10000) in paragraph at lines 175--182

 []

[20 <./figures/1_robot_grasping_with_antropomorphic_robots/camera_img.png>]
Underfull \hbox (badness 10000) in paragraph at lines 204--208

 []


<figures/1_robot_grasping_with_antropomorphic_robots/princ_point.png, id=817, 4
11.5375pt x 305.14pt>
File: figures/1_robot_grasping_with_antropomorphic_robots/princ_point.png Graph
ic file (type png)

<use figures/1_robot_grasping_with_antropomorphic_robots/princ_point.png>
Package pdftex.def Info: figures/1_robot_grasping_with_antropomorphic_robots/pr
inc_point.png used on input line 219.
(pdftex.def)             Requested size: 205.76825pt x 152.56961pt.

Underfull \hbox (badness 10000) in paragraph at lines 224--226

 []


Underfull \hbox (badness 10000) in paragraph at lines 229--233

 []

[21 <./figures/1_robot_grasping_with_antropomorphic_robots/princ_point.png>]
Underfull \hbox (badness 10000) in paragraph at lines 255--259

 []


Underfull \hbox (badness 10000) in paragraph at lines 262--266

 []


Underfull \hbox (badness 10000) in paragraph at lines 274--280

 []


Underfull \hbox (badness 10000) in paragraph at lines 283--288

 []

[22]
<figures/1_robot_grasping_with_antropomorphic_robots/ccd_camera.jpg, id=842, 18
0.675pt x 180.675pt>
File: figures/1_robot_grasping_with_antropomorphic_robots/ccd_camera.jpg Graphi
c file (type jpg)

<use figures/1_robot_grasping_with_antropomorphic_robots/ccd_camera.jpg>
Package pdftex.def Info: figures/1_robot_grasping_with_antropomorphic_robots/cc
d_camera.jpg used on input line 326.
(pdftex.def)             Requested size: 144.54018pt x 144.54018pt.


Package hyperref Warning: Token not allowed in a PDF string (PDFDocEncoding):
(hyperref)                removing `math shift' on input line 331.


Package hyperref Warning: Token not allowed in a PDF string (PDFDocEncoding):
(hyperref)                \hskip 10.95003pt
(hyperref)                replaced by space on input line 331.


Package hyperref Warning: Token not allowed in a PDF string (PDFDocEncoding):
(hyperref)                removing `math shift' on input line 331.


<figures/1_robot_grasping_with_antropomorphic_robots/ToF_sensor.png, id=844, 56
8.1225pt x 262.9825pt>
File: figures/1_robot_grasping_with_antropomorphic_robots/ToF_sensor.png Graphi
c file (type png)

<use figures/1_robot_grasping_with_antropomorphic_robots/ToF_sensor.png>
Package pdftex.def Info: figures/1_robot_grasping_with_antropomorphic_robots/To
F_sensor.png used on input line 337.
(pdftex.def)             Requested size: 293.99872pt x 136.0976pt.

<figures/1_robot_grasping_with_antropomorphic_robots/terarange.jpg, id=845, 225
.84375pt x 209.28188pt>
File: figures/1_robot_grasping_with_antropomorphic_robots/terarange.jpg Graphic
 file (type jpg)

<use figures/1_robot_grasping_with_antropomorphic_robots/terarange.jpg>
Package pdftex.def Info: figures/1_robot_grasping_with_antropomorphic_robots/te
rarange.jpg used on input line 345.
(pdftex.def)             Requested size: 180.67523pt x 167.4257pt.

[23 <./figures/1_robot_grasping_with_antropomorphic_robots/ccd_camera.jpg> <./f
igures/1_robot_grasping_with_antropomorphic_robots/ToF_sensor.png>]
<figures/1_robot_grasping_with_antropomorphic_robots/SL_sensor.jpg, id=852, 73.
4745pt x 86.724pt>
File: figures/1_robot_grasping_with_antropomorphic_robots/SL_sensor.jpg Graphic
 file (type jpg)

<use figures/1_robot_grasping_with_antropomorphic_robots/SL_sensor.jpg>
Package pdftex.def Info: figures/1_robot_grasping_with_antropomorphic_robots/SL
_sensor.jpg used on input line 356.
(pdftex.def)             Requested size: 293.99872pt x 347.04063pt.

[24 <./figures/1_robot_grasping_with_antropomorphic_robots/terarange.jpg>]
<figures/1_robot_grasping_with_antropomorphic_robots/kinect_v1.png, id=859, 575
.14874pt x 327.2225pt>
File: figures/1_robot_grasping_with_antropomorphic_robots/kinect_v1.png Graphic
 file (type png)

<use figures/1_robot_grasping_with_antropomorphic_robots/kinect_v1.png>
Package pdftex.def Info: figures/1_robot_grasping_with_antropomorphic_robots/ki
nect_v1.png used on input line 366.
(pdftex.def)             Requested size: 293.99872pt x 167.27072pt.

[25 <./figures/1_robot_grasping_with_antropomorphic_robots/SL_sensor.jpg>]
<figures/1_robot_grasping_with_antropomorphic_robots/kinect1_pattern.png, id=86
6, 591.20876pt x 451.6875pt>
File: figures/1_robot_grasping_with_antropomorphic_robots/kinect1_pattern.png G
raphic file (type png)

<use figures/1_robot_grasping_with_antropomorphic_robots/kinect1_pattern.png>
Package pdftex.def Info: figures/1_robot_grasping_with_antropomorphic_robots/ki
nect1_pattern.png used on input line 374.
(pdftex.def)             Requested size: 293.99872pt x 224.62328pt.
)
[26 <./figures/1_robot_grasping_with_antropomorphic_robots/kinect_v1.png> <./fi
gures/1_robot_grasping_with_antropomorphic_robots/kinect1_pattern.png>]
(./chapters/2_deep_learning_and_grasping.tex
Chapter 3.

<figures/2_deep_learning_and_grasping/synapse.png, id=872, 573.8238pt x 427.597
5pt>
File: figures/2_deep_learning_and_grasping/synapse.png Graphic file (type png)
 <use figures/2_deep_learning_and_grasping/synapse.png>
Package pdftex.def Info: figures/2_deep_learning_and_grasping/synapse.png used 
on input line 18.
(pdftex.def)             Requested size: 293.99872pt x 219.08315pt.
 [27

]
<figures/2_deep_learning_and_grasping/ann_structure.PNG, id=878, 514.92375pt x 
431.11063pt>
File: figures/2_deep_learning_and_grasping/ann_structure.PNG Graphic file (type
 png)
 <use figures/2_deep_learning_and_grasping/ann_structure.PNG>
Package pdftex.def Info: figures/2_deep_learning_and_grasping/ann_structure.PNG
 used on input line 32.
(pdftex.def)             Requested size: 257.46124pt x 215.55478pt.

[28 <./figures/2_deep_learning_and_grasping/synapse.png>]
<figures/2_deep_learning_and_grasping/perceptron.jpg, id=885, 442.2924pt x 219.
7008pt>
File: figures/2_deep_learning_and_grasping/perceptron.jpg Graphic file (type jp
g)
 <use figures/2_deep_learning_and_grasping/perceptron.jpg>
Package pdftex.def Info: figures/2_deep_learning_and_grasping/perceptron.jpg us
ed on input line 44.
(pdftex.def)             Requested size: 353.8344pt x 175.76086pt.
 [29 <./figures/2_deep_learning_and_grasping/ann_structure.PNG>]
Underfull \hbox (badness 10000) in paragraph at lines 49--52

 []


Underfull \hbox (badness 10000) in paragraph at lines 55--59

 []


Underfull \hbox (badness 10000) in paragraph at lines 62--67

 []


! Package amsmath Error: Erroneous nesting of equation structures;
(amsmath)                trying to recover with `aligned'.

See the amsmath package documentation for explanation.
Type  H <return>  for immediate help.
 ...                                              
                                                  
l.71 \end{align*}
                 
Try typing  <return>  to proceed.
If that doesn't work, type  X <return>  to quit.


Underfull \hbox (badness 10000) in paragraph at lines 73--77

 []

[30 <./figures/2_deep_learning_and_grasping/perceptron.jpg>]
Underfull \hbox (badness 10000) in paragraph at lines 80--84

 []


! Package amsmath Error: Erroneous nesting of equation structures;
(amsmath)                trying to recover with `aligned'.

See the amsmath package documentation for explanation.
Type  H <return>  for immediate help.
 ...                                              
                                                  
l.88 \end{align*}
                 
Try typing  <return>  to proceed.
If that doesn't work, type  X <return>  to quit.


<figures/2_deep_learning_and_grasping/perceptron_delta_rule.jpg, id=901, 419.16
6pt x 257.2812pt>
File: figures/2_deep_learning_and_grasping/perceptron_delta_rule.jpg Graphic fi
le (type jpg)

<use figures/2_deep_learning_and_grasping/perceptron_delta_rule.jpg>
Package pdftex.def Info: figures/2_deep_learning_and_grasping/perceptron_delta_
rule.jpg used on input line 96.
(pdftex.def)             Requested size: 377.24591pt x 231.55095pt.

Underfull \hbox (badness 10000) in paragraph at lines 100--102

 []


Underfull \hbox (badness 10000) in paragraph at lines 105--110

 []


! Package amsmath Error: Erroneous nesting of equation structures;
(amsmath)                trying to recover with `aligned'.

See the amsmath package documentation for explanation.
Type  H <return>  for immediate help.
 ...                                              
                                                  
l.115 \end{align*}
                  
Try typing  <return>  to proceed.
If that doesn't work, type  X <return>  to quit.

[31 <./figures/2_deep_learning_and_grasping/perceptron_delta_rule.jpg>]
<figures/2_deep_learning_and_grasping/neuron_hidden_layer.jpg, id=914, 439.4016
pt x 196.5744pt>
File: figures/2_deep_learning_and_grasping/neuron_hidden_layer.jpg Graphic file
 (type jpg)

<use figures/2_deep_learning_and_grasping/neuron_hidden_layer.jpg>
Package pdftex.def Info: figures/2_deep_learning_and_grasping/neuron_hidden_lay
er.jpg used on input line 141.
(pdftex.def)             Requested size: 395.45778pt x 176.91531pt.
 [32]
Underfull \hbox (badness 10000) in paragraph at lines 145--149

 []


Underfull \hbox (badness 10000) in paragraph at lines 152--155

 []


Underfull \hbox (badness 10000) in paragraph at lines 152--155

 []


Underfull \hbox (badness 10000) in paragraph at lines 158--161

 []


Underfull \hbox (badness 10000) in paragraph at lines 158--161

 []


Underfull \hbox (badness 10000) in paragraph at lines 164--170

 []


Underfull \hbox (badness 10000) in paragraph at lines 164--170

 []


Underfull \hbox (badness 10000) in paragraph at lines 164--170

 []


Underfull \hbox (badness 10000) in paragraph at lines 174--179

 []


Underfull \hbox (badness 10000) in paragraph at lines 174--179

 []

[33 <./figures/2_deep_learning_and_grasping/neuron_hidden_layer.jpg>]

! Package amsmath Error: Erroneous nesting of equation structures;
(amsmath)                trying to recover with `aligned'.

See the amsmath package documentation for explanation.
Type  H <return>  for immediate help.
 ...                                              
                                                  
l.185 \end{align*}
                  
Try typing  <return>  to proceed.
If that doesn't work, type  X <return>  to quit.


Underfull \hbox (badness 10000) in paragraph at lines 187--192

 []


Underfull \hbox (badness 10000) in paragraph at lines 187--192

 []


! Package amsmath Error: Erroneous nesting of equation structures;
(amsmath)                trying to recover with `aligned'.

See the amsmath package documentation for explanation.
Type  H <return>  for immediate help.
 ...                                              
                                                  
l.197 \end{align*}
                  
Try typing  <return>  to proceed.
If that doesn't work, type  X <return>  to quit.


Underfull \hbox (badness 10000) in paragraph at lines 199--203

 []


Underfull \hbox (badness 10000) in paragraph at lines 206--210

 []


Underfull \hbox (badness 10000) in paragraph at lines 213--217

 []


<figures/2_deep_learning_and_grasping/BP_alg_MLP.jpg, id=940, 453.8556pt x 328.
1058pt>
File: figures/2_deep_learning_and_grasping/BP_alg_MLP.jpg Graphic file (type jp
g)
 <use figures/2_deep_learning_and_grasping/BP_alg_MLP.jpg>
Package pdftex.def Info: figures/2_deep_learning_and_grasping/BP_alg_MLP.jpg us
ed on input line 225.
(pdftex.def)             Requested size: 408.46626pt x 295.29248pt.
 [34] [35 <./figures/2_deep_learning_and_grasping/BP_alg_MLP.jpg>]
Package hyperref Info: bookmark level for unknown algorithm defaults to 0 on in
put line 232.
 [36]
<figures/2_deep_learning_and_grasping/cnn_structure.png, id=960, 823.075pt x 26
6.9975pt>
File: figures/2_deep_learning_and_grasping/cnn_structure.png Graphic file (type
 png)
 <use figures/2_deep_learning_and_grasping/cnn_structure.png>
Package pdftex.def Info: figures/2_deep_learning_and_grasping/cnn_structure.png
 used on input line 254.
(pdftex.def)             Requested size: 411.53648pt x 133.49841pt.

<figures/2_deep_learning_and_grasping/filter.png, id=963, 854.19125pt x 537.006
26pt>
File: figures/2_deep_learning_and_grasping/filter.png Graphic file (type png)
 <use figures/2_deep_learning_and_grasping/filter.png>
Package pdftex.def Info: figures/2_deep_learning_and_grasping/filter.png used o
n input line 263.
(pdftex.def)             Requested size: 293.99872pt x 184.82487pt.

<figures/2_deep_learning_and_grasping/activ_map.png, id=965, 770.88pt x 511.912
5pt>
File: figures/2_deep_learning_and_grasping/activ_map.png Graphic file (type png
)
 <use figures/2_deep_learning_and_grasping/activ_map.png>
Package pdftex.def Info: figures/2_deep_learning_and_grasping/activ_map.png use
d on input line 278.
(pdftex.def)             Requested size: 293.99872pt x 195.23177pt.
 [37 <./figures/2_deep_learning_and_grasping/cnn_structure.png> <./figures/2_de
ep_learning_and_grasping/filter.png>]
<figures/2_deep_learning_and_grasping/activ_func.png, id=974, 1301.86375pt x 60
1.24625pt>
File: figures/2_deep_learning_and_grasping/activ_func.png Graphic file (type pn
g)
 <use figures/2_deep_learning_and_grasping/activ_func.png>
Package pdftex.def Info: figures/2_deep_learning_and_grasping/activ_func.png us
ed on input line 297.
(pdftex.def)             Requested size: 293.99872pt x 135.77914pt.
 [38 <./figures/2_deep_learning_and_grasping/activ_map.png>]
<figures/2_deep_learning_and_grasping/max_avg_pooling.png, id=982, 485.815pt x 
343.2825pt>
File: figures/2_deep_learning_and_grasping/max_avg_pooling.png Graphic file (ty
pe png)
 <use figures/2_deep_learning_and_grasping/max_avg_pooling.png>
Package pdftex.def Info: figures/2_deep_learning_and_grasping/max_avg_pooling.p
ng used on input line 306.
(pdftex.def)             Requested size: 293.99872pt x 207.74155pt.

<figures/2_deep_learning_and_grasping/entire_layers.png, id=983, 676.5275pt x 4
49.68pt>
File: figures/2_deep_learning_and_grasping/entire_layers.png Graphic file (type
 png)
 <use figures/2_deep_learning_and_grasping/entire_layers.png>
Package pdftex.def Info: figures/2_deep_learning_and_grasping/entire_layers.png
 used on input line 316.
(pdftex.def)             Requested size: 293.99872pt x 195.42395pt.
 [39 <./figures/2_deep_learning_and_grasping/activ_func.png> <./figures/2_deep_
learning_and_grasping/max_avg_pooling.png>]
<figures/2_deep_learning_and_grasping/cuda_vga.jpeg, id=990, 1284.8pt x 722.7pt
>
File: figures/2_deep_learning_and_grasping/cuda_vga.jpeg Graphic file (type jpg
)
 <use figures/2_deep_learning_and_grasping/cuda_vga.jpeg>
Package pdftex.def Info: figures/2_deep_learning_and_grasping/cuda_vga.jpeg use
d on input line 330.
(pdftex.def)             Requested size: 293.99872pt x 165.36838pt.
 [40 <./figures/2_deep_learning_and_grasping/entire_layers.png>]
Missing character: There is no Â in font cmr10!
Missing character: There is no   in font cmr10!

<figures/2_deep_learning_and_grasping/cudnn.jpg, id=997, 632.3625pt x 301.125pt
>
File: figures/2_deep_learning_and_grasping/cudnn.jpg Graphic file (type jpg)
 <use figures/2_deep_learning_and_grasping/cudnn.jpg>
Package pdftex.def Info: figures/2_deep_learning_and_grasping/cudnn.jpg used on
 input line 340.
(pdftex.def)             Requested size: 293.99872pt x 139.99869pt.

<figures/2_deep_learning_and_grasping/yolo_output.png, id=1000, 1155.31625pt x 
486.81876pt>
File: figures/2_deep_learning_and_grasping/yolo_output.png Graphic file (type p
ng)
 <use figures/2_deep_learning_and_grasping/yolo_output.png>
Package pdftex.def Info: figures/2_deep_learning_and_grasping/yolo_output.png u
sed on input line 354.
(pdftex.def)             Requested size: 439.02475pt x 184.99304pt.

Overfull \hbox (19.02475pt too wide) in paragraph at lines 354--355
 [][] 
 []

[41 <./figures/2_deep_learning_and_grasping/cuda_vga.jpeg> <./figures/2_deep_le
arning_and_grasping/cudnn.jpg>]
<figures/2_deep_learning_and_grasping/yolo_architecture.png, id=1005, 560.0925p
t x 185.69376pt>
File: figures/2_deep_learning_and_grasping/yolo_architecture.png Graphic file (
type png)

<use figures/2_deep_learning_and_grasping/yolo_architecture.png>
Package pdftex.def Info: figures/2_deep_learning_and_grasping/yolo_architecture
.png used on input line 360.
(pdftex.def)             Requested size: 377.99744pt x 125.32654pt.

Underfull \hbox (badness 10000) in paragraph at lines 364--367

 []


! Package amsmath Error: Erroneous nesting of equation structures;
(amsmath)                trying to recover with `aligned'.

See the amsmath package documentation for explanation.
Type  H <return>  for immediate help.
 ...                                              
                                                  
l.374 \end{align*}
                  
Try typing  <return>  to proceed.
If that doesn't work, type  X <return>  to quit.

[42 <./figures/2_deep_learning_and_grasping/yolo_output.png> <./figures/2_deep_
learning_and_grasping/yolo_architecture.png>]
Underfull \hbox (badness 10000) in paragraph at lines 376--380

 []


! Package amsmath Error: Erroneous nesting of equation structures;
(amsmath)                trying to recover with `aligned'.

See the amsmath package documentation for explanation.
Type  H <return>  for immediate help.
 ...                                              
                                                  
l.387 \end{align*}
                  
Try typing  <return>  to proceed.
If that doesn't work, type  X <return>  to quit.

LaTeX Font Info:    Try loading font information for U+euf on input line 387.
(/usr/share/texlive/texmf-dist/tex/latex/amsfonts/ueuf.fd
File: ueuf.fd 2013/01/14 v3.01 Euler Fraktur
)
<figures/2_deep_learning_and_grasping/yolo_model.jpeg, id=1014, 1126.2075pt x 7
03.62875pt>
File: figures/2_deep_learning_and_grasping/yolo_model.jpeg Graphic file (type j
pg)
 <use figures/2_deep_learning_and_grasping/yolo_model.jpeg>
Package pdftex.def Info: figures/2_deep_learning_and_grasping/yolo_model.jpeg u
sed on input line 398.
(pdftex.def)             Requested size: 293.99872pt x 183.67998pt.

Underfull \hbox (badness 10000) in paragraph at lines 402--404

 []

[43 <./figures/2_deep_learning_and_grasping/yolo_model.jpeg>]
Underfull \hbox (badness 10000) in paragraph at lines 407--417

 []

[44]) [45] (./chapters/3_the_proposed_method.tex
Chapter 4.
<figures/3_the_proposed_method/grids.png, id=1045, 425.59pt x 425.59pt>
File: figures/3_the_proposed_method/grids.png Graphic file (type png)

<use figures/3_the_proposed_method/grids.png>
Package pdftex.def Info: figures/3_the_proposed_method/grids.png used on input 
line 15.
(pdftex.def)             Requested size: 212.79446pt x 212.79446pt.
 [46

]
<figures/3_the_proposed_method/my_custom_cnn.png, id=1051, 602.25pt x 311.1625p
t>
File: figures/3_the_proposed_method/my_custom_cnn.png Graphic file (type png)
 <use figures/3_the_proposed_method/my_custom_cnn.png>
Package pdftex.def Info: figures/3_the_proposed_method/my_custom_cnn.png used o
n input line 26.
(pdftex.def)             Requested size: 293.99872pt x 151.90594pt.
 [47 <./figures/3_the_proposed_method/grids.png (PNG copy)> <./figures/3_the_pr
oposed_method/my_custom_cnn.png>]

! Package amsmath Error: Erroneous nesting of equation structures;
(amsmath)                trying to recover with `aligned'.

See the amsmath package documentation for explanation.
Type  H <return>  for immediate help.
 ...                                              
                                                  
l.46 \end{align*}
                 
Try typing  <return>  to proceed.
If that doesn't work, type  X <return>  to quit.


<figures/3_the_proposed_method/img_proc.png, id=1060, 1089.06876pt x 503.8825pt
>
File: figures/3_the_proposed_method/img_proc.png Graphic file (type png)
 <use figures/3_the_proposed_method/img_proc.png>
Package pdftex.def Info: figures/3_the_proposed_method/img_proc.png used on inp
ut line 56.
(pdftex.def)             Requested size: 293.99872pt x 136.01933pt.
 [48]
<figures/3_the_proposed_method/depth_norm.png, id=1068, 854.19125pt x 420.57124
pt>
File: figures/3_the_proposed_method/depth_norm.png Graphic file (type png)
 <use figures/3_the_proposed_method/depth_norm.png>
Package pdftex.def Info: figures/3_the_proposed_method/depth_norm.png used on i
nput line 68.
(pdftex.def)             Requested size: 293.99872pt x 144.75069pt.

<figures/3_the_proposed_method/near_cells.png, id=1071, 1423.3175pt x 1100.11pt
>
File: figures/3_the_proposed_method/near_cells.png Graphic file (type png)
 <use figures/3_the_proposed_method/near_cells.png>
Package pdftex.def Info: figures/3_the_proposed_method/near_cells.png used on i
nput line 82.
(pdftex.def)             Requested size: 355.8285pt x 275.02682pt.
 [49 <./figures/3_the_proposed_method/img_proc.png> <./figures/3_the_proposed_m
ethod/depth_norm.png>])
[50 <./figures/3_the_proposed_method/near_cells.png>]
(./chapters/4_custom_built_dataset.tex
Chapter 5.

<figures/4_custom_built_dataset/robot_attempt.png, id=1080, 562.1pt x 815.045pt
>
File: figures/4_custom_built_dataset/robot_attempt.png Graphic file (type png)
 <use figures/4_custom_built_dataset/robot_attempt.png>
Package pdftex.def Info: figures/4_custom_built_dataset/robot_attempt.png used 
on input line 7.
(pdftex.def)             Requested size: 236.08038pt x 342.31656pt.
 [51

 <./figures/4_custom_built_dataset/robot_attempt.png>]

Package hyperref Warning: Token not allowed in a PDF string (PDFDocEncoding):
(hyperref)                removing `math shift' on input line 26.


Package hyperref Warning: Token not allowed in a PDF string (PDFDocEncoding):
(hyperref)                \hskip 10.95003pt
(hyperref)                replaced by space on input line 26.


Package hyperref Warning: Token not allowed in a PDF string (PDFDocEncoding):
(hyperref)                removing `math shift' on input line 26.

<figures/4_custom_built_dataset/robot.jpg, id=1087, 4047.12pt x 3035.34pt>
File: figures/4_custom_built_dataset/robot.jpg Graphic file (type jpg)

<use figures/4_custom_built_dataset/robot.jpg>
Package pdftex.def Info: figures/4_custom_built_dataset/robot.jpg used on input
 line 32.
(pdftex.def)             Requested size: 293.99872pt x 220.46178pt.
 [52]

Package hyperref Warning: Token not allowed in a PDF string (PDFDocEncoding):
(hyperref)                removing `math shift' on input line 37.


Package hyperref Warning: Token not allowed in a PDF string (PDFDocEncoding):
(hyperref)                \hskip 10.95003pt
(hyperref)                replaced by space on input line 37.


Package hyperref Warning: Token not allowed in a PDF string (PDFDocEncoding):
(hyperref)                removing `math shift' on input line 37.


<figures/4_custom_built_dataset/kinect_v2.jpg, id=1096, 240.9pt x 147.25012pt>
File: figures/4_custom_built_dataset/kinect_v2.jpg Graphic file (type jpg)

<use figures/4_custom_built_dataset/kinect_v2.jpg>
Package pdftex.def Info: figures/4_custom_built_dataset/kinect_v2.jpg used on i
nput line 41.
(pdftex.def)             Requested size: 293.99872pt x 179.7235pt.

Overfull \hbox (7.38625pt too wide) in paragraph at lines 50--63
 [][] 
 []

[53 <./figures/4_custom_built_dataset/robot.jpg> <./figures/4_custom_built_data
set/kinect_v2.jpg>]

Package hyperref Warning: Token not allowed in a PDF string (PDFDocEncoding):
(hyperref)                removing `math shift' on input line 69.


Package hyperref Warning: Token not allowed in a PDF string (PDFDocEncoding):
(hyperref)                \hskip 10.95003pt
(hyperref)                replaced by space on input line 69.


Package hyperref Warning: Token not allowed in a PDF string (PDFDocEncoding):
(hyperref)                removing `math shift' on input line 69.


<figures/4_custom_built_dataset/sensor_localizer.png, id=1103, 1564.84625pt x 9
95.72pt>
File: figures/4_custom_built_dataset/sensor_localizer.png Graphic file (type pn
g)
 <use figures/4_custom_built_dataset/sensor_localizer.png>
Package pdftex.def Info: figures/4_custom_built_dataset/sensor_localizer.png us
ed on input line 74.
(pdftex.def)             Requested size: 293.99872pt x 187.06168pt.

Underfull \hbox (badness 10000) in paragraph at lines 79--85

 []

[54 <./figures/4_custom_built_dataset/sensor_localizer.png>]

Package hyperref Warning: Token not allowed in a PDF string (PDFDocEncoding):
(hyperref)                removing `math shift' on input line 93.


Package hyperref Warning: Token not allowed in a PDF string (PDFDocEncoding):
(hyperref)                \hskip 10.95003pt
(hyperref)                replaced by space on input line 93.


Package hyperref Warning: Token not allowed in a PDF string (PDFDocEncoding):
(hyperref)                removing `math shift' on input line 93.


<figures/4_custom_built_dataset/dataset_objs.jpg, id=1110, 3506.09875pt x 3282.
2625pt>
File: figures/4_custom_built_dataset/dataset_objs.jpg Graphic file (type jpg)
 <use figures/4_custom_built_dataset/dataset_objs.jpg>
Package pdftex.def Info: figures/4_custom_built_dataset/dataset_objs.jpg used o
n input line 98.
(pdftex.def)             Requested size: 210.35684pt x 196.92725pt.
 [55 <./figures/4_custom_built_dataset/dataset_objs.jpg>]
<figures/4_custom_built_dataset/region_proposal.png, id=1117, 1253.68375pt x 68
4.5575pt>
File: figures/4_custom_built_dataset/region_proposal.png Graphic file (type png
)
 <use figures/4_custom_built_dataset/region_proposal.png>
Package pdftex.def Info: figures/4_custom_built_dataset/region_proposal.png use
d on input line 113.
(pdftex.def)             Requested size: 293.99872pt x 160.53677pt.

<figures/4_custom_built_dataset/yolo_thresh.png, id=1121, 1191.45125pt x 536.00
25pt>
File: figures/4_custom_built_dataset/yolo_thresh.png Graphic file (type png)
 <use figures/4_custom_built_dataset/yolo_thresh.png>
Package pdftex.def Info: figures/4_custom_built_dataset/yolo_thresh.png used on
 input line 123.
(pdftex.def)             Requested size: 357.43813pt x 160.80199pt.
 [56 <./figures/4_custom_built_dataset/region_proposal.png>]
<figures/4_custom_built_dataset/rgb_NoReg_image.png, id=1129, 1927.2pt x 1084.0
5pt>
File: figures/4_custom_built_dataset/rgb_NoReg_image.png Graphic file (type png
)
 <use figures/4_custom_built_dataset/rgb_NoReg_image.png>
Package pdftex.def Info: figures/4_custom_built_dataset/rgb_NoReg_image.png use
d on input line 143.
(pdftex.def)             Requested size: 327.61967pt x 184.28606pt.
 [57 <./figures/4_custom_built_dataset/yolo_thresh.png>]
<figures/4_custom_built_dataset/depth_NoReg_image.png, id=1135, 513.92pt x 425.
59pt>
File: figures/4_custom_built_dataset/depth_NoReg_image.png Graphic file (type p
ng)
 <use figures/4_custom_built_dataset/depth_NoReg_image.png>
Package pdftex.def Info: figures/4_custom_built_dataset/depth_NoReg_image.png u
sed on input line 151.
(pdftex.def)             Requested size: 205.56435pt x 170.23297pt.

<figures/4_custom_built_dataset/rgb_image.png, id=1137, 513.92pt x 425.59pt>
File: figures/4_custom_built_dataset/rgb_image.png Graphic file (type png)

<use figures/4_custom_built_dataset/rgb_image.png>
Package pdftex.def Info: figures/4_custom_built_dataset/rgb_image.png used on i
nput line 159.
(pdftex.def)             Requested size: 205.56435pt x 170.23297pt.
 [58 <./figures/4_custom_built_dataset/rgb_NoReg_image.png> <./figures/4_custom
_built_dataset/depth_NoReg_image.png>]
<figures/4_custom_built_dataset/depth_image.png, id=1145, 513.92pt x 425.59pt>
File: figures/4_custom_built_dataset/depth_image.png Graphic file (type png)

<use figures/4_custom_built_dataset/depth_image.png>
Package pdftex.def Info: figures/4_custom_built_dataset/depth_image.png used on
 input line 167.
(pdftex.def)             Requested size: 205.56435pt x 170.23297pt.

<figures/4_custom_built_dataset/debug.png, id=1147, 943.525pt x 705.63625pt>
File: figures/4_custom_built_dataset/debug.png Graphic file (type png)

<use figures/4_custom_built_dataset/debug.png>
Package pdftex.def Info: figures/4_custom_built_dataset/debug.png used on input
 line 175.
(pdftex.def)             Requested size: 160.39713pt x 119.95657pt.
 [59 <./figures/4_custom_built_dataset/rgb_image.png> <./figures/4_custom_built
_dataset/depth_image.png>]
<figures/4_custom_built_dataset/datasetFile.png, id=1154, 799.98875pt x 374.398
74pt>
File: figures/4_custom_built_dataset/datasetFile.png Graphic file (type png)
 <use figures/4_custom_built_dataset/datasetFile.png>
Package pdftex.def Info: figures/4_custom_built_dataset/datasetFile.png used on
 input line 183.
(pdftex.def)             Requested size: 293.99872pt x 137.59416pt.
) [60 <./figures/4_custom_built_dataset/debug.png> <./figures/4_custom_built_da
taset/datasetFile.png>] (./chapters/5_experiments.tex
Chapter 6.

Package hyperref Warning: Difference (2) between bookmark levels is greater 
(hyperref)                than one, level fixed on input line 7.

<figures/5_experiments/bad_case.png, id=1163, 421.575pt x 412.54124pt>
File: figures/5_experiments/bad_case.png Graphic file (type png)

<use figures/5_experiments/bad_case.png>
Package pdftex.def Info: figures/5_experiments/bad_case.png used on input line 
31.
(pdftex.def)             Requested size: 252.94695pt x 247.52666pt.
 [61

]
<figures/5_experiments/dist.png, id=1169, 421.575pt x 412.54124pt>
File: figures/5_experiments/dist.png Graphic file (type png)

<use figures/5_experiments/dist.png>
Package pdftex.def Info: figures/5_experiments/dist.png used on input line 46.
(pdftex.def)             Requested size: 252.94695pt x 247.52666pt.
 [62 <./figures/5_experiments/bad_case.png>]
<figures/5_experiments/agnostic_objs.PNG, id=1175, 561.59813pt x 293.59688pt>
File: figures/5_experiments/agnostic_objs.PNG Graphic file (type png)

<use figures/5_experiments/agnostic_objs.PNG>
Package pdftex.def Info: figures/5_experiments/agnostic_objs.PNG used on input 
line 64.
(pdftex.def)             Requested size: 336.96147pt x 176.15947pt.
 [63 <./figures/5_experiments/dist.png>] [64 <./figures/5_experiments/agnostic_
objs.PNG>]
<figures/5_experiments/example_1.png, id=1193, 420.57124pt x 420.57124pt>
File: figures/5_experiments/example_1.png Graphic file (type png)

<use figures/5_experiments/example_1.png>
Package pdftex.def Info: figures/5_experiments/example_1.png used on input line
 168.
(pdftex.def)             Requested size: 252.3447pt x 252.3447pt.

<figures/5_experiments/example_2.png, id=1194, 419.5675pt x 420.57124pt>
File: figures/5_experiments/example_2.png Graphic file (type png)

<use figures/5_experiments/example_2.png>
Package pdftex.def Info: figures/5_experiments/example_2.png used on input line
 175.
(pdftex.def)             Requested size: 251.74243pt x 252.3447pt.
 [65] [66 <./figures/5_experiments/example_1.png>]) [67 <./figures/5_experiment
s/example_2.png>]
(./chapters/6_conclusions.tex
Chapter 7.
[68

]) [69

] (./thesis.bbl
Missing character: There is no â in font cmr10!
Missing character: There is no € in font cmr10!
Missing character: There is no “ in font cmr10!
Missing character: There is no â in font cmr10!
Missing character: There is no € in font cmr10!
Missing character: There is no “ in font cmr10!
 [70


]) [71]
Package atveryend Info: Empty hook `BeforeClearDocument' on input line 209.
Package atveryend Info: Empty hook `AfterLastShipout' on input line 209.
 (./thesis.aux)
Package atveryend Info: Executing hook `AtVeryEndDocument' on input line 209.
Package atveryend Info: Executing hook `AtEndAfterFileList' on input line 209.
Package rerunfilecheck Info: File `thesis.out' has not changed.
(rerunfilecheck)             Checksum: 5F4954831CF1A74861C36AFCF0F05F46;4328.


LaTeX Warning: There were multiply-defined labels.

Package atveryend Info: Empty hook `AtVeryVeryEnd' on input line 209.
 ) 
Here is how much of TeX's memory you used:
 25160 strings out of 493029
 464602 string characters out of 6136234
 658230 words of memory out of 5000000
 27829 multiletter control sequences out of 15000+600000
 18245 words of font info for 70 fonts, out of 8000000 for 9000
 1141 hyphenation exceptions out of 8191
 68i,19n,97p,925b,530s stack positions out of 5000i,500n,10000p,200000b,80000s
</usr/share/texlive/texmf-dist/fonts/type1/public/amsfonts/cm/cmbx10.pfb></us
r/share/texlive/texmf-dist/fonts/type1/public/amsfonts/cm/cmbx12.pfb></usr/shar
e/texlive/texmf-dist/fonts/type1/public/amsfonts/cm/cmcsc10.pfb></usr/share/tex
live/texmf-dist/fonts/type1/public/amsfonts/cm/cmex10.pfb></usr/share/texlive/t
exmf-dist/fonts/type1/public/amsfonts/cm/cmmi10.pfb></usr/share/texlive/texmf-d
ist/fonts/type1/public/amsfonts/cm/cmmi6.pfb></usr/share/texlive/texmf-dist/fon
ts/type1/public/amsfonts/cm/cmmi7.pfb></usr/share/texlive/texmf-dist/fonts/type
1/public/amsfonts/cm/cmmi8.pfb></usr/share/texlive/texmf-dist/fonts/type1/publi
c/amsfonts/cm/cmr10.pfb></usr/share/texlive/texmf-dist/fonts/type1/public/amsfo
nts/cm/cmr12.pfb></usr/share/texlive/texmf-dist/fonts/type1/public/amsfonts/cm/
cmr6.pfb></usr/share/texlive/texmf-dist/fonts/type1/public/amsfonts/cm/cmr8.pfb
></usr/share/texlive/texmf-dist/fonts/type1/public/amsfonts/cm/cmr9.pfb></usr/s
hare/texlive/texmf-dist/fonts/type1/public/amsfonts/cm/cmsl10.pfb></usr/share/t
exlive/texmf-dist/fonts/type1/public/amsfonts/cm/cmsy10.pfb></usr/share/texlive
/texmf-dist/fonts/type1/public/amsfonts/cm/cmsy6.pfb></usr/share/texlive/texmf-
dist/fonts/type1/public/amsfonts/cm/cmsy8.pfb></usr/share/texlive/texmf-dist/fo
nts/type1/public/amsfonts/cm/cmti10.pfb></usr/share/texlive/texmf-dist/fonts/ty
pe1/public/amsfonts/cm/cmtt10.pfb></usr/share/texlive/texmf-dist/fonts/type1/pu
blic/amsfonts/euler/eufm10.pfb></usr/share/texlive/texmf-dist/fonts/type1/publi
c/amsfonts/symbols/msbm10.pfb>
Output written on thesis.pdf (84 pages, 32034097 bytes).
PDF statistics:
 1356 PDF objects out of 1440 (max. 8388607)
 1151 compressed objects within 12 object streams
 281 named destinations out of 1000 (max. 500000)
 832 words of extra memory for PDF output out of 10000 (max. 10000000)

