\BOOKMARK [0][]{chapter*.1}{Abstract}{}% 1
\BOOKMARK [0][]{chapter*.2}{Nomenclature}{}% 2
\BOOKMARK [0][]{chapter.1}{1 Introduction}{}% 3
\BOOKMARK [1][-]{section.1.1}{1.1 Problem Statement and Motivations }{chapter.1}% 4
\BOOKMARK [1][-]{section.1.2}{1.2 Related Works }{chapter.1}% 5
\BOOKMARK [2][-]{subsection.1.2.1}{1.2.1 Object Grasping}{section.1.2}% 6
\BOOKMARK [2][-]{subsection.1.2.2}{1.2.2 Learning and Grasping}{section.1.2}% 7
\BOOKMARK [1][-]{section.1.3}{1.3 Contributions}{chapter.1}% 8
\BOOKMARK [0][]{chapter.2}{2 Robot Grasping with Anthropomorphic Robots}{}% 9
\BOOKMARK [1][-]{section.2.1}{2.1 Applications}{chapter.2}% 10
\BOOKMARK [2][-]{subsection.2.1.1}{2.1.1 Pick and Place and Kitting Applications}{section.2.1}% 11
\BOOKMARK [2][-]{subsection.2.1.2}{2.1.2 The Random Bin-Picking task}{section.2.1}% 12
\BOOKMARK [1][-]{section.2.2}{2.2 Tools}{chapter.2}% 13
\BOOKMARK [2][-]{subsection.2.2.1}{2.2.1 Grippers}{section.2.2}% 14
\BOOKMARK [3][-]{section*.23}{2.2.1.1 Parallel Grippers}{subsection.2.2.1}% 15
\BOOKMARK [3][-]{section*.25}{2.2.1.2 Parallel-Jaw Grippers}{subsection.2.2.1}% 16
\BOOKMARK [3][-]{section*.27}{2.2.1.3 Three Finger Grippers}{subsection.2.2.1}% 17
\BOOKMARK [3][-]{section*.30}{2.2.1.4 Vacuum Grippers}{subsection.2.2.1}% 18
\BOOKMARK [3][-]{section*.32}{2.2.1.5 Micro and Nano Grippers}{subsection.2.2.1}% 19
\BOOKMARK [2][-]{subsection.2.2.2}{2.2.2 Sensors}{section.2.2}% 20
\BOOKMARK [3][-]{section*.34}{2.2.2.1 RGB cameras}{subsection.2.2.2}% 21
\BOOKMARK [3][-]{section*.38}{2.2.2.2 Depth Sensors and RGB-D cameras}{subsection.2.2.2}% 22
\BOOKMARK [0][]{chapter.3}{3 Deep Learning and Grasping}{}% 23
\BOOKMARK [1][-]{section.3.1}{3.1 Introduction to Artificial Neural Networks}{chapter.3}% 24
\BOOKMARK [2][-]{subsection.3.1.1}{3.1.1 The Perceptron and the Delta Rule}{section.3.1}% 25
\BOOKMARK [2][-]{subsection.3.1.2}{3.1.2 Supervised Learning}{section.3.1}% 26
\BOOKMARK [2][-]{subsection.3.1.3}{3.1.3 The Back-propagation learning algorithm}{section.3.1}% 27
\BOOKMARK [1][-]{section.3.2}{3.2 Convolutional Neural Networks: advanced explanation}{chapter.3}% 28
\BOOKMARK [2][-]{subsection.3.2.1}{3.2.1 Frameworks involved: Caffe, Tensorflow}{section.3.2}% 29
\BOOKMARK [1][-]{section.3.3}{3.3 A Noteworthy Example: YOLO Real Time Object Detection}{chapter.3}% 30
\BOOKMARK [0][]{chapter.4}{4 The Proposed Method}{}% 31
\BOOKMARK [1][-]{section.4.1}{4.1 Learning s Grasp Pose from RGB-D data}{chapter.4}% 32
\BOOKMARK [1][-]{section.4.2}{4.2 Regression with CNNs}{chapter.4}% 33
\BOOKMARK [1][-]{section.4.3}{4.3 The used CNN}{chapter.4}% 34
\BOOKMARK [1][-]{section.4.4}{4.4 The Grasping Loss Function}{chapter.4}% 35
\BOOKMARK [1][-]{section.4.5}{4.5 Implementation details}{chapter.4}% 36
\BOOKMARK [2][-]{subsection.4.5.1}{4.5.1 Neighbouring Cells and Batch Generator }{section.4.5}% 37
\BOOKMARK [0][]{chapter.5}{5 Custom built dataset}{}% 38
\BOOKMARK [1][-]{section.5.1}{5.1 150 hours of try and test}{chapter.5}% 39
\BOOKMARK [2][-]{subsection.5.1.1}{5.1.1 Dataset setup}{section.5.1}% 40
\BOOKMARK [3][-]{section*.67}{5.1.1.1 The robot cell}{subsection.5.1.1}% 41
\BOOKMARK [3][-]{section*.69}{5.1.1.2 The RGB-D camera}{subsection.5.1.1}% 42
\BOOKMARK [3][-]{section*.72}{5.1.1.3 Calibration}{subsection.5.1.1}% 43
\BOOKMARK [3][-]{section*.74}{5.1.1.4 Objects and working area}{subsection.5.1.1}% 44
\BOOKMARK [2][-]{subsection.5.1.2}{5.1.2 Acquisition protocol}{section.5.1}% 45
\BOOKMARK [2][-]{subsection.5.1.3}{5.1.3 Region proposal}{section.5.1}% 46
\BOOKMARK [2][-]{subsection.5.1.4}{5.1.4 Safe depth point}{section.5.1}% 47
\BOOKMARK [2][-]{subsection.5.1.5}{5.1.5 Dataset structure}{section.5.1}% 48
\BOOKMARK [0][]{chapter.6}{6 Experiments}{}% 49
\BOOKMARK [1][-]{subsection.6.0.1}{6.0.1 CNN Setup}{chapter.6}% 50
\BOOKMARK [1][-]{section.6.1}{6.1 Results}{chapter.6}% 51
\BOOKMARK [2][-]{subsection.6.1.1}{6.1.1 Metrics}{section.6.1}% 52
\BOOKMARK [2][-]{subsection.6.1.2}{6.1.2 The Maximum Confidence Score}{section.6.1}% 53
\BOOKMARK [2][-]{subsection.6.1.3}{6.1.3 The high distribution of Confidence Score}{section.6.1}% 54
\BOOKMARK [2][-]{subsection.6.1.4}{6.1.4 Discussion}{section.6.1}% 55
\BOOKMARK [0][]{chapter.7}{7 Conclusions}{}% 56
\BOOKMARK [0][]{chapter*.95}{Acknowledgements}{}% 57
\BOOKMARK [0][]{chapter*.96}{Bibliography}{}% 58
